0->727:G
727->1080:T
1080->5283:T
5283->5284:C
5284->5285:A
5285->5286:A
5286->5287:T
5287->5288:C
5288->5289:G
5289->5290:G
5290->5291:C
5291->5292:C
5292->5293:A
5293->5294:A
5294->5295:C
5295->5296:A
5296->5297:C
5297->5298:T
5298->5299:T
5299->5300:T
5300->5301:C
5301->5302:T
5302->5303:C
5303->5304:C
5304->5305:C
5305->5306:G
5306->5307:G
5307->5308:T
5308->5309:T
5309->5310:C
5310->5311:G
5311->5312:C
5312->5313:T
5313->5314:G
5314->5315:A
5315->5316:A
5316->5317:T
5317->5318:C
5318->5319:G
5319->5320:T
5320->5321:T
5321->5322:A
5322->5323:C
5323->5324:G
5324->5325:A
5325->5326:A
5326->5327:G
5327->5328:G
5328->5329:G
5329->5330:G
5330->5331:C
5331->5332:C
5332->5333:T
5333->5334:G
5334->5335:G
5335->5336:T
5336->5337:A
5337->5338:A
5338->5339:C
5339->5340:A
5340->5341:A
5341->5342:A
5342->5343:C
5343->5344:A
5344->5345:A
5345->5346:G
5346->5347:G
5347->5348:G
5348->5349:C
5349->5350:G
5350->5351:T
5351->5352:C
5352->5353:G
5353->5354:A
5354->5355:C
5355->5356:T
5356->5357:C
5357->5358:G
5358->5359:G
5359->5360:C
5360->5361:G
5361->5362:A
5362->5363:G
5363->5364:A
5364->5365:G
5365->5366:C
5366->5367:A
5367->5368:T
5368->5369:A
5369->5370:G
5370->5371:T
5371->5372:T
5372->5373:C
1080->2884:C
2884->3045:T
3045->3046:A
3046->3047:C
3047->3048:A
3048->3049:A
3049->3050:T
3050->3051:A
3051->3052:T
3052->3053:C
3053->3054:T
3054->3055:A
3055->3056:A
3056->3057:T
3057->3058:G
3058->3059:G
3059->3060:G
3060->3061:A
3061->3062:T
3062->3063:C
3063->3064:A
3064->3065:G
3065->3066:A
3066->3067:G
3067->3068:T
3068->3069:T
3069->3070:G
3070->3071:A
3071->3072:C
3072->3073:C
3073->3074:G
3074->3075:G
3075->3076:A
3076->3077:T
3077->3078:C
3078->3079:C
3079->3080:T
3080->3081:T
3081->3082:C
3082->3083:A
3083->3084:T
3084->3085:T
3085->3086:A
3086->3087:C
3087->3088:A
3088->3089:G
3089->3090:C
3090->3091:A
3091->3092:A
3092->3093:A
3093->3094:G
3094->3095:C
3095->3096:C
3096->3097:C
3097->3098:A
3098->3099:A
3099->3100:T
3100->3101:G
3101->3102:C
3102->3103:T
3103->3104:T
3104->3105:G
3105->3106:A
3106->3107:G
3107->3108:C
3108->3109:C
3109->3110:A
3110->3111:G
3111->3112:C
3112->3113:T
3113->3114:T
3114->3115:G
3115->3116:C
3116->3117:C
3117->3118:G
3118->3119:T
3119->3120:T
3120->3121:T
3121->3122:G
3122->3123:G
3123->3124:T
3124->3125:T
3125->3126:T
3126->3127:C
3127->3128:G
3128->3129:T
3129->3130:G
3130->3131:T
3131->3132:G
3132->3133:T
3133->3134:C
3134->3135:A
3135->3136:A
2884->2885:A
2885->2886:T
2886->2887:A
2887->2888:G
2888->2889:A
2889->2890:C
2890->2891:C
2891->2892:G
2892->2893:C
2893->2894:T
2894->2895:G
2895->2896:T
2896->2897:T
2897->2898:T
2898->2899:G
2899->2900:C
2900->2901:C
2901->2902:A
2902->2903:A
2903->2904:A
2904->2905:T
2905->2906:C
2906->2907:A
2907->2908:A
2908->2909:C
2909->2910:C
2910->2911:A
2911->2912:T
2912->2913:T
2913->2914:T
2914->2915:C
2915->2916:G
2916->2917:A
2917->2918:A
2918->2919:T
2919->2920:A
2920->2921:C
2921->2922:T
2922->2923:T
2923->2924:C
2924->2925:G
2925->2926:G
2926->2927:T
2927->2928:T
2928->2929:C
2929->2930:A
2930->2931:A
2931->2932:T
2932->2933:C
2933->2934:G
2934->2935:A
2935->2936:A
2936->2937:C
2937->2938:C
2938->2939:G
2939->2940:C
2940->2941:C
2941->2942:T
2942->2943:G
2943->2944:G
2944->2945:A
2945->2946:T
2946->2947:C
2947->2948:T
2948->2949:A
2949->2950:G
2950->2951:C
2951->2952:A
2952->2953:G
2953->2954:G
2954->2955:G
2955->2956:C
2956->2957:A
2957->2958:T
2958->2959:T
2959->2960:G
2960->2961:G
2961->2962:A
2962->2963:G
2963->2964:T
1080->1081:A
1081->5189:A
5189->5190:C
5190->5191:G
5191->5192:G
5192->5193:T
5193->5194:A
5194->5195:T
5195->5196:T
5196->5197:A
5197->5198:C
5198->5199:A
5199->5200:A
5200->5201:T
5201->5202:G
5202->5203:C
5203->5204:T
5204->5205:T
5205->5206:T
5206->5207:T
5207->5208:T
5208->5209:T
5209->5210:G
5210->5211:C
5211->5212:A
5212->5213:A
5213->5214:G
5214->5215:T
5215->5216:G
5216->5217:T
5217->5218:C
5218->5219:C
5219->5220:T
5220->5221:C
5221->5222:G
5222->5223:C
5223->5224:G
5224->5225:C
5225->5226:C
5226->5227:C
5227->5228:A
5228->5229:C
5229->5230:C
5230->5231:C
5231->5232:T
5232->5233:A
5233->5234:T
5234->5235:A
5235->5236:C
5236->5237:A
5237->5238:A
5238->5239:T
5239->5240:C
5240->5241:A
5241->5242:C
5242->5243:T
5243->5244:A
5244->5245:T
5245->5246:G
5246->5247:G
5247->5248:C
5248->5249:T
5249->5250:C
5250->5251:G
5251->5252:G
5252->5253:C
5253->5254:T
5254->5255:A
5255->5256:G
5256->5257:C
5257->5258:A
5258->5259:C
5259->5260:A
5260->5261:G
5261->5262:T
5262->5263:C
5263->5264:T
5264->5265:T
5265->5266:T
5266->5267:A
5267->5268:C
5268->5269:A
5269->5270:C
5270->5271:T
5271->5272:T
5272->5273:A
5273->5274:T
5274->5275:C
5275->5276:C
5276->5277:T
5277->5278:G
5278->5279:G
5279->5280:C
5280->5281:C
5281->5282:T
1081->1082:C
1082->1083:T
1083->1084:G
1084->1085:T
1085->1086:A
1086->1087:T
1087->1088:T
1088->1089:G
1089->1090:C
1090->1091:A
1091->1092:A
1092->1093:C
1093->1094:G
1094->1095:C
1095->1096:T
1096->1097:T
1097->1098:C
1098->1099:A
1099->1100:T
1100->1101:A
1101->1102:C
1102->1103:G
1103->1104:G
1104->1105:T
1105->1106:T
1106->1107:A
1107->1108:T
1108->1109:T
1109->1110:T
1110->1111:T
1111->1112:C
1112->1113:G
1113->1114:T
1114->1115:C
1115->1116:A
1116->1117:A
1117->1118:C
1118->1119:A
1119->1120:G
1120->1121:G
1121->1122:G
1122->1123:T
1123->1124:A
1124->1125:C
1125->1126:A
1126->1127:G
1127->1128:T
1128->1129:T
1129->1130:A
1130->1131:G
1131->1132:A
1132->1133:T
1133->1134:T
1134->1135:G
1135->1136:T
1136->1137:T
1137->1138:T
1138->1139:A
1139->1140:T
1140->1141:G
1141->1142:A
1142->1143:T
1143->1144:A
1144->1145:A
1145->1146:A
1146->1147:C
1147->1148:C
1148->1149:G
1149->1150:G
1150->1151:T
1151->1152:T
1152->1153:G
1153->1154:A
1154->1155:G
1155->1156:T
1156->1157:G
1157->1158:G
1158->1159:C
727->910:C
910->6056:A
6056->6057:C
6057->6058:T
6058->6059:C
6059->6060:A
6060->6061:C
6061->6062:G
6062->6063:T
6063->6064:T
6064->6065:C
6065->6066:G
6066->6067:G
6067->6068:T
6068->6069:T
6069->6070:G
6070->6071:C
6071->6072:C
6072->6073:C
6073->6074:A
6074->6075:C
6075->6076:T
6076->6077:A
6077->6078:A
6078->6079:C
6079->6080:C
6080->6081:G
6081->6082:T
6082->6083:C
6083->6084:C
6084->6085:T
6085->6086:C
6086->6087:A
6087->6088:A
6088->6089:G
6089->6090:T
6090->6091:G
6091->6092:T
6092->6093:A
6093->6094:G
6094->6095:G
6095->6096:C
6096->6097:G
6097->6098:C
6098->6099:T
6099->6100:G
6100->6101:A
6101->6102:C
6102->6103:T
6103->6104:T
6104->6105:T
6105->6106:G
6106->6107:A
6107->6108:A
6108->6109:C
6109->6110:G
6110->6111:G
6111->6112:G
6112->6113:G
6113->6114:G
6114->6115:A
6115->6116:G
6116->6117:C
6117->6118:C
6118->6119:A
6119->6120:G
6120->6121:T
6121->6122:C
6122->6123:T
6123->6124:C
6124->6125:A
6125->6126:T
6126->6127:A
6127->6128:A
6128->6129:C
6129->6130:T
6130->6131:G
6131->6132:A
6132->6133:C
6133->6134:A
6134->6135:T
6135->6136:A
6136->6137:G
6137->6138:C
6138->6139:T
6139->6140:C
910->2293:G
2293->2294:G
2294->2295:A
2295->2296:G
2296->2297:G
2297->2298:G
2298->2299:G
2299->2300:C
2300->2301:C
2301->2302:C
2302->2303:A
2303->2304:C
2304->2305:G
2305->2306:T
2306->2307:A
2307->2308:C
2308->2309:C
2309->2310:G
2310->2311:A
2311->2312:G
2312->2313:G
2313->2314:T
2314->2315:A
2315->2316:C
2316->2317:G
2317->2318:T
2318->2319:T
2319->2320:G
2320->2321:A
2321->2322:G
2322->2323:T
2323->2324:C
2324->2325:G
2325->2326:A
2326->2327:C
2327->2328:C
2328->2329:G
2329->2330:C
2330->2331:G
2331->2332:C
2332->2333:C
2333->2334:C
2334->2335:T
2335->2336:G
2336->2337:A
2337->2338:G
2338->2339:G
2339->2340:T
2340->2341:C
2341->2342:G
2342->2343:C
2343->2344:C
2344->2345:T
2345->2346:C
2346->2347:C
2347->2348:G
2348->2349:A
2349->2350:G
2350->2351:C
2351->2352:C
2352->2353:T
2353->2354:A
2354->2355:T
2355->2356:G
2356->2357:G
2357->2358:T
2358->2359:C
2359->2360:C
2360->2361:T
2361->2362:A
2362->2363:C
2363->2364:A
2364->2365:T
2365->2366:C
2366->2367:T
2367->2368:T
2368->2369:C
2369->2370:T
2370->2371:G
2371->2372:T
2372->2373:C
2373->2374:A
2374->2375:G
2375->2376:C
2376->2377:A
2377->2378:A
2378->2379:C
2379->2380:A
910->911:T
911->1511:C
1511->1512:G
1512->1513:A
1513->1514:A
1514->1515:C
1515->1516:C
1516->1517:C
1517->1518:C
1518->1519:T
1519->1520:A
1520->1521:G
1521->1522:A
1522->1523:C
1523->1524:G
1524->1525:G
1525->1526:A
1526->1527:A
1527->1528:C
1528->1529:T
1529->1530:A
1530->1531:T
1531->1532:G
1532->1533:C
1533->1534:G
1534->1535:T
1535->1536:A
1536->1537:T
1537->1538:G
1538->1539:C
1539->1540:G
1540->1541:A
1541->1542:T
1542->1543:C
1543->1544:G
1544->1545:T
1545->1546:T
1546->1547:A
1547->1548:G
1548->1549:T
1549->1550:C
1550->1551:T
1551->1552:G
1552->1553:G
1553->1554:G
1554->1555:C
1555->1556:G
1556->1557:G
1557->1558:C
1558->1559:A
1559->1560:T
1560->1561:C
1561->1562:A
1562->1563:T
1563->1564:A
1564->1565:A
1565->1566:C
1566->1567:A
1567->1568:T
1568->1569:T
1569->1570:G
1570->1571:G
1571->1572:G
1572->1573:A
1573->1574:C
1574->1575:A
1575->1576:T
1576->1577:T
1577->1578:T
1578->1579:C
1579->1580:T
1580->1581:C
1581->1582:C
1582->1583:T
1583->1584:A
1584->1585:G
1585->1586:T
1586->1587:G
1587->1588:A
1588->1589:C
1589->1590:G
1590->1591:T
1591->1592:G
1592->1593:T
1593->1594:T
1594->1595:A
1595->1596:A
1596->1597:G
1597->1598:T
1598->1599:C
1599->1600:T
1600->1601:G
1601->1602:T
1602->1603:C
1603->1604:C
911->912:A
912->913:C
913->2381:C
2381->2382:C
2382->2383:A
2383->2384:T
2384->2385:T
2385->2386:G
2386->2387:A
2387->2388:C
2388->2389:T
2389->2390:G
2390->2391:G
2391->2392:C
2392->2393:A
2393->2394:T
2394->2395:C
2395->2396:G
2396->2397:A
2397->2398:T
2398->2399:A
2399->2400:C
2400->2401:C
2401->2402:T
2402->2403:C
2403->2404:G
2404->2405:A
2405->2406:T
2406->2407:G
2407->2408:C
2408->2409:C
2409->2410:T
2410->2411:T
2411->2412:G
2412->2413:T
2413->2414:A
2414->2415:G
2415->2416:T
2416->2417:C
2417->2418:A
2418->2419:T
2419->2420:C
2420->2421:A
2421->2422:G
2422->2423:T
2423->2424:T
2424->2425:T
2425->2426:A
2426->2427:G
2427->2428:C
2428->2429:C
2429->2430:T
2430->2431:A
2431->2432:C
2432->2433:C
2433->2434:C
2434->2435:T
2435->2436:C
2436->2437:C
2437->2438:G
2438->2439:G
2439->2440:A
2440->2441:A
2441->2442:A
2442->2443:C
2443->2444:T
2444->2445:A
2445->2446:G
2446->2447:G
2447->2448:C
2448->2449:G
2449->2450:C
2450->2451:A
2451->2452:C
2452->2453:T
2453->2454:A
2454->2455:T
2455->2456:T
2456->2457:C
2457->2458:G
2458->2459:C
2459->2460:C
913->914:A
914->915:T
915->916:T
916->917:T
917->918:A
918->919:A
919->920:A
920->921:G
921->922:G
922->923:A
923->924:T
924->925:G
925->926:C
926->927:T
927->928:C
928->929:T
929->930:G
930->931:G
931->932:C
932->933:C
933->934:T
934->935:A
935->936:C
936->937:A
937->938:T
938->939:A
939->940:G
940->941:A
941->942:C
942->943:C
943->944:C
944->945:T
945->946:C
946->947:C
947->948:A
948->949:G
949->950:A
950->951:G
951->952:C
952->953:A
953->954:G
954->955:G
955->956:G
956->957:C
957->958:T
958->959:A
959->960:C
960->961:G
961->962:A
962->963:C
963->964:A
964->965:G
965->966:G
966->967:C
967->968:C
968->969:T
969->970:A
970->971:T
971->972:G
972->973:A
973->974:T
974->975:C
975->976:C
976->977:C
977->978:G
978->979:C
979->980:G
980->981:T
981->982:C
982->983:A
983->984:G
984->985:T
985->986:C
986->987:G
987->988:C
988->989:A
989->990:G
990->991:T
991->992:A
727->819:G
819->1420:T
1420->4763:G
4763->4764:A
4764->4765:T
4765->4766:A
4766->4767:C
4767->4768:A
4768->4769:G
4769->4770:C
4770->4771:T
4771->4772:A
4772->4773:A
4773->4774:G
4774->4775:C
4775->4776:G
4776->4777:A
4777->4778:G
4778->4779:C
4779->4780:C
4780->4781:T
4781->4782:T
4782->4783:C
4783->4784:G
4784->4785:A
4785->4786:T
4786->4787:G
4787->4788:G
4788->4789:T
4789->4790:T
4790->4791:C
4791->4792:C
4792->4793:C
4793->4794:G
4794->4795:G
4795->4796:G
4796->4797:C
4797->4798:G
4798->4799:C
4799->4800:G
4800->4801:C
4801->4802:T
4802->4803:G
4803->4804:G
4804->4805:A
4805->4806:A
4806->4807:A
4807->4808:A
4808->4809:C
4809->4810:G
4810->4811:T
4811->4812:C
4812->4813:C
4813->4814:T
4814->4815:C
4815->4816:A
4816->4817:G
4817->4818:C
4818->4819:G
4819->4820:T
4820->4821:G
4821->4822:G
4822->4823:G
4823->4824:C
4824->4825:C
4825->4826:T
4826->4827:C
4827->4828:A
4828->4829:G
4829->4830:C
4830->4831:A
4831->4832:T
4832->4833:T
4833->4834:C
4834->4835:T
4835->4836:C
4836->4837:C
4837->4838:G
4838->4839:C
4839->4840:G
4840->4841:G
4841->4842:A
4842->4843:G
4843->4844:C
1420->1421:T
1421->1422:A
1422->1423:A
1423->1424:G
1424->1425:A
1425->1426:G
1426->1427:A
1427->1428:C
1428->1429:T
1429->1430:C
1430->1431:G
1431->1432:T
1432->1433:T
1433->1434:A
1434->1435:G
1435->1436:A
1436->1437:C
1437->1438:G
1438->1439:C
1439->1440:C
1440->1441:C
1441->1442:A
1442->1443:A
1443->1444:C
1444->1445:G
1445->1446:G
1446->1447:T
1447->1448:A
1448->1449:C
1449->1450:A
1450->1451:C
1451->1452:G
1452->1453:C
1453->1454:A
1454->1455:T
1455->1456:C
1456->1457:A
1457->1458:C
1458->1459:A
1459->1460:C
1460->1461:T
1461->1462:A
1462->1463:C
1463->1464:T
1464->1465:C
1465->1466:G
1466->1467:G
1467->1468:C
1468->1469:A
1469->1470:G
1470->1471:G
1471->1472:C
1472->1473:C
1473->1474:T
1474->1475:T
1475->1476:T
1476->1477:C
1477->1478:T
1478->1479:A
1479->1480:T
1480->1481:C
1481->1482:C
1482->1483:C
1483->1484:T
1484->1485:C
1485->1486:A
1486->1487:G
1487->1488:T
1488->1489:G
1489->1490:G
1490->1491:T
1491->1492:T
1492->1493:C
1493->1494:G
1494->1495:C
1495->1496:A
1496->1497:A
1497->1498:T
1498->1499:G
1499->1500:G
1500->1501:A
1501->1502:T
1502->1503:C
1503->1504:C
1504->1505:C
1505->1506:A
1506->1507:T
1507->1508:T
1508->1509:T
1509->1510:A
819->820:G
820->1242:T
1242->5107:A
5107->5108:C
5108->5109:C
5109->5110:C
5110->5111:T
5111->5112:C
5112->5113:T
5113->5114:A
5114->5115:C
5115->5116:T
5116->5117:A
5117->5118:C
5118->5119:C
5119->5120:G
5120->5121:T
5121->5122:G
5122->5123:T
5123->5124:T
5124->5125:G
5125->5126:G
5126->5127:C
5127->5128:C
5128->5129:C
5129->5130:A
5130->5131:A
5131->5132:G
5132->5133:A
5133->5134:G
5134->5135:C
5135->5136:A
5136->5137:C
5137->5138:A
5138->5139:T
5139->5140:A
5140->5141:C
5141->5142:C
5142->5143:G
5143->5144:T
5144->5145:C
5145->5146:C
5146->5147:A
5147->5148:A
5148->5149:C
5149->5150:A
5150->5151:A
5151->5152:G
5152->5153:T
5153->5154:T
5154->5155:A
5155->5156:G
5156->5157:C
5157->5158:C
5158->5159:C
5159->5160:T
5160->5161:T
5161->5162:C
5162->5163:A
5163->5164:T
5164->5165:T
5165->5166:C
5166->5167:C
5167->5168:A
5168->5169:C
5169->5170:C
5170->5171:G
5171->5172:C
5172->5173:C
5173->5174:G
5174->5175:C
5175->5176:A
5176->5177:C
5177->5178:G
5178->5179:G
5179->5180:T
5180->5181:G
5181->5182:C
5182->5183:G
5183->5184:G
5184->5185:T
5185->5186:G
5186->5187:C
5187->5188:A
1242->1243:T
1243->1244:C
1244->1245:A
1245->1246:C
1246->1247:G
1247->1248:A
1248->1249:G
1249->1250:C
1250->1251:A
1251->1252:G
1252->1253:G
1253->1254:T
1254->1255:A
1255->1256:G
1256->1257:A
1257->1258:A
1258->1259:T
1259->1260:T
1260->1261:A
1261->1262:T
1262->1263:A
1263->1264:C
1264->1265:A
1265->1266:G
1266->1267:T
1267->1268:C
1268->1269:A
1269->1270:T
1270->1271:C
1271->1272:C
1272->1273:A
1273->1274:C
1274->1275:C
1275->1276:A
1276->1277:T
1277->1278:G
1278->1279:C
1279->1280:C
1280->1281:C
1281->1282:T
1282->1283:G
1283->1284:T
1284->1285:C
1285->1286:T
1286->1287:A
1287->1288:A
1288->1289:T
1289->1290:G
1290->1291:C
1291->1292:G
1292->1293:T
1293->1294:G
1294->1295:A
1295->1296:G
1296->1297:T
1297->1298:C
1298->1299:C
1299->1300:A
1300->1301:G
1301->1302:T
1302->1303:G
1303->1304:T
1304->1305:A
1305->1306:T
1306->1307:G
1307->1308:C
1308->1309:A
1309->1310:A
1310->1311:C
1311->1312:A
1312->1313:C
1313->1314:G
1314->1315:T
1315->1316:A
1316->1317:C
1317->1318:C
1318->1319:T
1319->1320:C
1320->1321:A
1321->1322:G
1322->1323:A
1323->1324:A
1324->1325:T
1325->1326:A
1326->1327:G
1327->1328:C
1328->1329:C
1329->1330:C
1330->1331:C
1331->1332:T
1332->1333:C
1333->1334:T
1334->1335:A
1335->1336:G
820->821:A
821->3137:A
3137->3138:A
3138->3139:G
3139->3140:C
3140->3141:G
3141->3142:A
3142->3143:C
3143->3144:G
3144->3145:T
3145->3146:G
3146->3147:A
3147->3148:G
3148->3149:C
3149->3150:C
3150->3151:G
3151->3152:C
3152->3153:C
3153->3154:T
3154->3155:C
3155->3156:C
3156->3157:G
3157->3158:G
3158->3159:T
3159->3160:G
3160->3161:G
3161->3162:A
3162->3163:T
3163->3164:G
3164->3165:G
3165->3166:A
3166->3167:A
3167->3168:C
3168->3169:C
3169->3170:G
3170->3171:T
3171->3172:C
3172->3173:A
3173->3174:A
3174->3175:C
3175->3176:T
3176->3177:C
3177->3178:A
3178->3179:C
3179->3180:A
3180->3181:T
3181->3182:C
3182->3183:T
3183->3184:C
3184->3185:T
3185->3186:C
3186->3187:C
3187->3188:A
3188->3189:T
3189->3190:A
3190->3191:C
3191->3192:G
3192->3193:A
3193->3194:C
3194->3195:C
3195->3196:C
3196->3197:A
3197->3198:T
3198->3199:C
3199->3200:G
3200->3201:A
3201->3202:G
3202->3203:T
3203->3204:T
3204->3205:G
3205->3206:T
3206->3207:T
3207->3208:T
3208->3209:T
3209->3210:A
3210->3211:T
3211->3212:T
3212->3213:A
3213->3214:A
3214->3215:G
3215->3216:G
3216->3217:C
3217->3218:G
821->822:C
822->823:T
823->1605:G
1605->1606:C
1606->1607:C
1607->1608:C
1608->1609:T
1609->1610:A
1610->1611:T
1611->1612:C
1612->1613:C
1613->1614:T
1614->1615:G
1615->1616:T
1616->1617:C
1617->1618:T
1618->1619:G
1619->1620:T
1620->1621:T
1621->1622:T
1622->1623:G
1623->1624:C
1624->1625:A
1625->1626:G
1626->1627:G
1627->1628:A
1628->1629:C
1629->1630:C
1630->1631:G
1631->1632:C
1632->1633:C
1633->1634:T
1634->1635:G
1635->1636:T
1636->1637:G
1637->1638:T
1638->1639:A
1639->1640:G
1640->1641:C
1641->1642:T
1642->1643:T
1643->1644:T
1644->1645:T
1645->1646:C
1646->1647:C
1647->1648:A
1648->1649:C
1649->1650:T
1650->1651:G
1651->1652:T
1652->1653:A
1653->1654:C
1654->1655:T
1655->1656:T
1656->1657:T
1657->1658:T
1658->1659:G
1659->1660:G
1660->1661:T
1661->1662:C
1662->1663:G
1663->1664:G
1664->1665:C
1665->1666:G
1666->1667:G
1667->1668:A
1668->1669:C
1669->1670:T
1670->1671:G
1671->1672:G
1672->1673:T
1673->1674:A
1674->1675:C
1675->1676:T
1676->1677:C
1677->1678:A
1678->1679:C
1679->1680:G
1680->1681:C
1681->1682:A
1682->1683:A
1683->1684:C
1684->1685:G
1685->1686:T
1686->1687:A
1687->1688:T
1688->1689:G
1689->1690:T
1690->1691:C
1691->1692:A
1692->1693:T
823->824:T
824->825:G
825->826:T
826->827:A
827->828:G
828->829:A
829->830:T
830->831:C
831->832:G
832->833:G
833->834:G
834->835:G
835->836:T
836->837:T
837->838:C
838->839:G
839->840:T
840->841:G
841->842:A
842->843:G
843->844:G
844->845:C
845->846:G
846->847:C
847->848:G
848->849:G
849->850:G
850->851:C
851->852:T
852->853:T
853->854:C
854->855:C
855->856:A
856->857:T
857->858:C
858->859:C
859->860:G
860->861:C
861->862:G
862->863:A
863->864:G
864->865:C
865->866:A
866->867:A
867->868:G
868->869:T
869->870:C
870->871:G
871->872:C
872->873:G
873->874:A
874->875:A
875->876:A
876->877:G
877->878:C
878->879:A
879->880:G
880->881:G
881->882:G
882->883:G
883->884:G
884->885:A
885->886:C
886->887:T
887->888:T
888->889:A
889->890:G
890->891:C
891->892:C
892->893:A
893->894:G
894->895:T
895->896:A
896->897:C
897->898:C
898->899:A
899->900:G
900->901:C
901->902:G
902->903:G
903->904:C
904->905:C
905->906:C
906->907:T
907->908:C
908->909:C
727->728:A
728->6484:C
6484->6485:A
6485->6486:C
6486->6487:A
6487->6488:T
6488->6489:G
6489->6490:A
6490->6491:C
6491->6492:T
6492->6493:C
6493->6494:G
6494->6495:T
6495->6496:G
6496->6497:C
6497->6498:T
6498->6499:A
6499->6500:T
6500->6501:C
6501->6502:C
6502->6503:T
6503->6504:G
6504->6505:G
6505->6506:T
6506->6507:T
6507->6508:A
6508->6509:A
6509->6510:C
6510->6511:A
6511->6512:A
6512->6513:G
6513->6514:C
6514->6515:A
6515->6516:T
6516->6517:C
6517->6518:T
6518->6519:A
6519->6520:A
6520->6521:A
6521->6522:A
6522->6523:A
6523->6524:A
6524->6525:T
6525->6526:C
6526->6527:T
6527->6528:G
6528->6529:T
6529->6530:T
6530->6531:C
6531->6532:A
6532->6533:C
6533->6534:G
6534->6535:C
6535->6536:G
6536->6537:T
6537->6538:C
6538->6539:T
6539->6540:A
6540->6541:G
6541->6542:T
6542->6543:T
6543->6544:T
6544->6545:A
6545->6546:G
6546->6547:G
6547->6548:C
6548->6549:A
6549->6550:T
6550->6551:A
6551->6552:T
6552->6553:G
6553->6554:C
6554->6555:G
6555->6556:A
6556->6557:G
6557->6558:G
6558->6559:G
6559->6560:C
6560->6561:C
728->4683:T
4683->4684:C
4684->4685:G
4685->4686:T
4686->4687:A
4687->4688:C
4688->4689:C
4689->4690:G
4690->4691:A
4691->4692:C
4692->4693:G
4693->4694:C
4694->4695:T
4695->4696:C
4696->4697:T
4697->4698:A
4698->4699:C
4699->4700:G
4700->4701:A
4701->4702:T
4702->4703:G
4703->4704:C
4704->4705:T
4705->4706:T
4706->4707:T
4707->4708:A
4708->4709:T
4709->4710:C
4710->4711:G
4711->4712:A
4712->4713:C
4713->4714:A
4714->4715:G
4715->4716:A
4716->4717:T
4717->4718:G
4718->4719:T
4719->4720:A
4720->4721:A
4721->4722:A
4722->4723:G
4723->4724:T
4724->4725:T
4725->4726:C
4726->4727:G
4727->4728:A
4728->4729:G
4729->4730:G
4730->4731:A
4731->4732:T
4732->4733:C
4733->4734:T
4734->4735:A
4735->4736:G
4736->4737:T
4737->4738:A
4738->4739:T
4739->4740:T
4740->4741:T
4741->4742:A
4742->4743:G
4743->4744:T
4744->4745:G
4745->4746:T
4746->4747:A
4747->4748:G
4748->4749:G
4749->4750:A
4750->4751:A
4751->4752:G
4752->4753:G
4753->4754:G
4754->4755:G
4755->4756:A
4756->4757:T
4757->4758:G
4758->4759:A
4759->4760:T
4760->4761:C
4761->4762:A
728->729:G
729->3735:G
3735->3736:A
3736->3737:A
3737->3738:G
3738->3739:A
3739->3740:A
3740->3741:G
3741->3742:G
3742->3743:C
3743->3744:G
3744->3745:T
3745->3746:A
3746->3747:A
3747->3748:A
3748->3749:G
3749->3750:A
3750->3751:G
3751->3752:A
3752->3753:T
3753->3754:C
3754->3755:C
3755->3756:G
3756->3757:C
3757->3758:A
3758->3759:C
3759->3760:C
3760->3761:G
3761->3762:A
3762->3763:A
3763->3764:G
3764->3765:C
3765->3766:T
3766->3767:T
3767->3768:T
3768->3769:G
3769->3770:G
3770->3771:C
3771->3772:G
3772->3773:A
3773->3774:G
3774->3775:G
3775->3776:G
3776->3777:C
3777->3778:G
3778->3779:A
3779->3780:A
3780->3781:T
3781->3782:A
3782->3783:C
3783->3784:G
3784->3785:C
3785->3786:A
3786->3787:T
3787->3788:C
3788->3789:T
3789->3790:C
3790->3791:C
3791->3792:T
3792->3793:C
3793->3794:T
3794->3795:G
3795->3796:C
3796->3797:T
3797->3798:C
3798->3799:T
3799->3800:C
3800->3801:T
3801->3802:A
3802->3803:A
3803->3804:G
3804->3805:T
3805->3806:G
3806->3807:A
3807->3808:C
3808->3809:A
3809->3810:A
3810->3811:C
3811->3812:C
3812->3813:A
3813->3814:C
3814->3815:T
3815->3816:G
3816->3817:T
3817->3818:T
3818->3819:A
729->730:T
730->2965:C
2965->2966:G
2966->2967:A
2967->2968:C
2968->2969:G
2969->2970:G
2970->2971:C
2971->2972:G
2972->2973:T
2973->2974:C
2974->2975:A
2975->2976:G
2976->2977:T
2977->2978:C
2978->2979:G
2979->2980:T
2980->2981:A
2981->2982:T
2982->2983:C
2983->2984:A
2984->2985:A
2985->2986:C
2986->2987:G
2987->2988:C
2988->2989:G
2989->2990:C
2990->2991:C
2991->2992:C
2992->2993:G
2993->2994:A
2994->2995:C
2995->2996:A
2996->2997:G
2997->2998:G
2998->2999:G
2999->3000:A
3000->3001:A
3001->3002:G
3002->3003:G
3003->3004:A
3004->3005:A
3005->3006:G
3006->3007:G
3007->3008:G
3008->3009:C
3009->3010:T
3010->3011:C
3011->3012:C
3012->3013:A
3013->3014:C
3014->3015:C
3015->3016:C
3016->3017:C
3017->3018:C
3018->3019:T
3019->3020:C
3020->3021:C
3021->3022:C
3022->3023:T
3023->3024:C
3024->3025:C
3025->3026:A
3026->3027:A
3027->3028:G
3028->3029:A
3029->3030:A
3030->3031:A
3031->3032:T
3032->3033:G
3033->3034:A
3034->3035:C
3035->3036:C
3036->3037:C
3037->3038:A
3038->3039:A
3039->3040:G
3040->3041:G
3041->3042:G
3042->3043:T
3043->3044:T
730->731:A
731->732:T
732->733:A
733->734:T
734->735:A
735->736:C
736->737:A
737->738:A
738->739:T
739->740:C
740->741:A
741->742:A
742->743:G
743->744:A
744->745:A
745->746:T
746->747:G
747->748:A
748->749:T
749->750:A
750->751:C
751->752:G
752->753:T
753->754:A
754->755:T
755->756:G
756->757:G
757->758:C
758->759:C
759->760:G
760->761:C
761->762:A
762->763:G
763->764:A
764->765:T
765->766:C
766->767:C
767->768:T
768->769:A
769->770:T
770->771:G
771->772:G
772->773:C
773->774:T
774->775:G
775->776:T
776->777:G
777->778:T
778->779:T
779->780:C
780->781:G
781->782:T
782->783:G
783->784:A
784->785:G
785->786:G
786->787:G
787->788:A
788->789:C
789->790:G
790->791:G
791->792:A
792->793:A
793->794:A
794->795:C
795->796:C
796->797:G
797->798:T
798->799:T
799->800:C
800->801:T
801->802:A
802->803:C
803->804:G
804->805:T
805->806:C
806->807:G
807->808:C
808->809:T
809->810:A
810->811:G
811->812:A
812->813:T
813->814:G
814->815:T
815->816:G
816->817:G
817->818:C
0->275:C
275->4082:T
4082->4173:T
4173->4174:C
4174->5374:C
5374->5375:A
5375->5376:A
5376->5377:A
5377->5378:T
5378->5379:A
5379->5380:T
5380->5381:A
5381->5382:T
5382->5383:A
5383->5384:G
5384->5385:G
5385->5386:T
5386->5387:T
5387->5388:T
5388->5389:G
5389->5390:G
5390->5391:A
5391->5392:T
5392->5393:G
5393->5394:A
5394->5395:A
5395->5396:A
5396->5397:G
5397->5398:A
5398->5399:G
5399->5400:T
5400->5401:G
5401->5402:A
5402->5403:C
5403->5404:T
5404->5405:C
5405->5406:A
5406->5407:G
5407->5408:T
5408->5409:C
5409->5410:C
5410->5411:T
5411->5412:C
5412->5413:G
5413->5414:G
5414->5415:C
5415->5416:A
5416->5417:C
5417->5418:A
5418->5419:A
5419->5420:A
5420->5421:C
5421->5422:G
5422->5423:G
5423->5424:G
5424->5425:G
5425->5426:T
5426->5427:G
5427->5428:G
5428->5429:A
5429->5430:T
5430->5431:G
5431->5432:C
5432->5433:A
5433->5434:A
5434->5435:A
5435->5436:G
5436->5437:G
5437->5438:C
5438->5439:A
5439->5440:T
5440->5441:C
5441->5442:A
5442->5443:A
5443->5444:T
5444->5445:T
5445->5446:T
5446->5447:A
5447->5448:A
5448->5449:T
4174->4175:G
4175->4176:T
4176->4177:C
4177->4178:A
4178->4179:G
4179->4180:C
4180->4181:T
4181->4182:T
4182->4183:C
4183->4184:T
4184->4185:G
4185->4186:C
4186->4187:G
4187->4188:A
4188->4189:G
4189->4190:T
4190->4191:C
4191->4192:C
4192->4193:A
4193->4194:C
4194->4195:G
4195->4196:G
4196->4197:G
4197->4198:T
4198->4199:T
4199->4200:G
4200->4201:T
4201->4202:G
4202->4203:G
4203->4204:C
4204->4205:A
4205->4206:A
4206->4207:T
4207->4208:C
4208->4209:A
4209->4210:A
4210->4211:T
4211->4212:A
4212->4213:T
4213->4214:A
4214->4215:C
4215->4216:C
4216->4217:G
4217->4218:C
4218->4219:T
4219->4220:C
4220->4221:G
4221->4222:A
4222->4223:C
4223->4224:G
4224->4225:T
4225->4226:G
4226->4227:G
4227->4228:C
4228->4229:A
4229->4230:G
4230->4231:G
4231->4232:G
4232->4233:C
4233->4234:A
4234->4235:A
4235->4236:C
4236->4237:C
4237->4238:A
4238->4239:C
4239->4240:A
4240->4241:T
4241->4242:A
4242->4243:C
4243->4244:A
4244->4245:T
4245->4246:A
4246->4247:T
4247->4248:C
4248->4249:T
4249->4250:T
4250->4251:G
4251->4252:A
4252->4253:A
4253->4254:T
4254->4255:G
4255->4256:T
4256->4257:A
4257->4258:A
4258->4259:A
4259->4260:G
4082->4083:G
4083->4084:T
4084->4085:A
4085->4086:G
4086->4087:A
4087->4088:G
4088->4089:A
4089->4090:T
4090->4091:C
4091->4092:C
4092->4093:T
4093->4094:C
4094->4095:T
4095->4096:C
4096->4097:C
4097->4098:T
4098->4099:T
4099->4100:C
4100->4101:C
4101->4102:T
4102->4103:T
4103->4104:T
4104->4105:A
4105->4106:T
4106->4107:G
4107->4108:T
4108->4109:G
4109->4110:T
4110->4111:G
4111->4112:C
4112->4113:C
4113->4114:C
4114->4115:A
4115->4116:T
4116->4117:G
4117->4118:G
4118->4119:T
4119->4120:C
4120->4121:G
4121->4122:A
4122->4123:G
4123->4124:G
4124->4125:G
4125->4126:A
4126->4127:A
4127->4128:C
4128->4129:G
4129->4130:T
4130->4131:T
4131->4132:A
4132->4133:C
4133->4134:T
4134->4135:G
4135->4136:C
4136->4137:A
4137->4138:G
4138->4139:C
4139->4140:G
4140->4141:A
4141->4142:T
4142->4143:T
4143->4144:A
4144->4145:T
4145->4146:C
4146->4147:G
4147->4148:T
4148->4149:G
4149->4150:T
4150->4151:C
4151->4152:G
4152->4153:C
4153->4154:C
4154->4155:A
4155->4156:C
4156->4157:A
4157->4158:A
4158->4159:A
4159->4160:C
4160->4161:G
4161->4162:T
4162->4163:T
4163->4164:T
4164->4165:A
4165->4166:C
4166->4167:C
4167->4168:G
4168->4169:G
4169->4170:T
4170->4171:G
4171->4172:A
275->3219:A
3219->3394:C
3394->3395:G
3395->5450:C
5450->5451:T
5451->5452:G
5452->5453:G
5453->5454:A
5454->5455:G
5455->5456:T
5456->5457:C
5457->5458:G
5458->5459:G
5459->5460:C
5460->5461:C
5461->5462:T
5462->5463:T
5463->5464:C
5464->5465:G
5465->5466:A
5466->5467:C
5467->5468:T
5468->5469:A
5469->5470:T
5470->5471:T
5471->5472:C
5472->5473:C
5473->5474:A
5474->5475:T
5475->5476:C
5476->5477:C
5477->5478:C
5478->5479:T
5479->5480:T
5480->5481:G
5481->5482:A
5482->5483:G
5483->5484:A
5484->5485:G
5485->5486:G
5486->5487:C
5487->5488:C
5488->5489:A
5489->5490:C
5490->5491:G
5491->5492:G
5492->5493:T
5493->5494:G
5494->5495:C
5495->5496:T
5496->5497:A
5497->5498:A
5498->5499:G
5499->5500:T
5500->5501:A
5501->5502:G
5502->5503:G
5503->5504:A
5504->5505:A
5505->5506:A
5506->5507:C
5507->5508:A
5508->5509:A
5509->5510:C
5510->5511:G
5511->5512:A
5512->5513:T
5513->5514:A
5514->5515:A
5515->5516:T
5516->5517:A
5517->5518:C
5518->5519:A
5519->5520:T
5520->5521:G
5521->5522:T
5522->5523:G
5523->5524:G
5524->5525:A
5525->5526:T
5526->5527:A
5527->5528:G
5528->5529:A
5529->5530:A
5530->5531:C
5531->5532:C
5532->5533:C
5533->5534:A
5534->5535:G
5535->5536:G
3395->3396:T
3396->3397:A
3397->3398:G
3398->3399:A
3399->3400:C
3400->3401:C
3401->3402:T
3402->3403:T
3403->3404:A
3404->3405:C
3405->3406:T
3406->3407:T
3407->3408:T
3408->3409:C
3409->3410:C
3410->3411:A
3411->3412:G
3412->3413:C
3413->3414:G
3414->3415:G
3415->3416:C
3416->3417:T
3417->3418:T
3418->3419:T
3419->3420:T
3420->3421:A
3421->3422:C
3422->3423:A
3423->3424:G
3424->3425:A
3425->3426:T
3426->3427:T
3427->3428:A
3428->3429:G
3429->3430:T
3430->3431:G
3431->3432:A
3432->3433:C
3433->3434:C
3434->3435:C
3435->3436:T
3436->3437:C
3437->3438:A
3438->3439:C
3439->3440:G
3440->3441:T
3441->3442:A
3442->3443:A
3443->3444:A
3444->3445:A
3445->3446:C
3446->3447:G
3447->3448:A
3448->3449:C
3449->3450:A
3450->3451:A
3451->3452:A
3452->3453:A
3453->3454:A
3454->3455:C
3455->3456:T
3456->3457:A
3457->3458:A
3458->3459:A
3459->3460:A
3460->3461:C
3461->3462:G
3462->3463:G
3463->3464:A
3464->3465:T
3465->3466:G
3466->3467:T
3467->3468:G
3468->3469:G
3469->3470:C
3470->3471:G
3471->3472:G
3472->3473:A
3473->3474:C
3474->3475:A
3475->3476:T
3476->3477:C
3477->3478:A
3478->3479:C
3479->3480:A
3480->3481:T
3481->3482:C
3219->3220:T
3220->6562:A
6562->6563:A
6563->6564:A
6564->6565:C
6565->6566:A
6566->6567:C
6567->6568:C
6568->6569:G
6569->6570:A
6570->6571:T
6571->6572:G
6572->6573:A
6573->6574:T
6574->6575:C
6575->6576:A
6576->6577:C
6577->6578:T
6578->6579:C
6579->6580:T
6580->6581:A
6581->6582:T
6582->6583:C
6583->6584:T
6584->6585:C
6585->6586:T
6586->6587:A
6587->6588:G
6588->6589:T
6589->6590:T
6590->6591:A
6591->6592:G
6592->6593:T
6593->6594:A
6594->6595:A
6595->6596:A
6596->6597:A
6597->6598:C
6598->6599:G
6599->6600:G
6600->6601:A
6601->6602:A
6602->6603:C
6603->6604:T
6604->6605:T
6605->6606:C
6606->6607:A
6607->6608:G
6608->6609:T
6609->6610:G
6610->6611:T
6611->6612:T
6612->6613:G
6613->6614:C
6614->6615:C
6615->6616:G
6616->6617:T
6617->6618:T
6618->6619:G
6619->6620:G
6620->6621:C
6621->6622:T
6622->6623:T
6623->6624:A
6624->6625:T
6625->6626:G
6626->6627:A
6627->6628:T
6628->6629:G
6629->6630:C
6630->6631:T
6631->6632:C
6632->6633:G
6633->6634:C
6634->6635:G
6635->6636:A
6636->6637:C
6637->6638:G
6638->6639:C
6639->6640:G
6640->6641:A
6641->6642:A
6642->6643:T
6643->6644:G
6644->6645:G
6645->6646:C
6646->6647:G
6647->6648:G
6648->6649:C
6649->6650:C
6650->6651:A
3220->3221:C
3221->3222:T
3222->3223:A
3223->3224:C
3224->3225:G
3225->3226:C
3226->3227:T
3227->3228:A
3228->3229:C
3229->3230:C
3230->3231:C
3231->3232:C
3232->3233:A
3233->3234:G
3234->3235:A
3235->3236:T
3236->3237:G
3237->3238:T
3238->3239:T
3239->3240:T
3240->3241:T
3241->3242:C
3242->3243:T
3243->3244:T
3244->3245:T
3245->3246:T
3246->3247:T
3247->3248:C
3248->3249:A
3249->3250:G
3250->3251:A
3251->3252:T
3252->3253:C
3253->3254:A
3254->3255:C
3255->3256:A
3256->3257:C
3257->3258:T
3258->3259:A
3259->3260:T
3260->3261:A
3261->3262:A
3262->3263:A
3263->3264:C
3264->3265:A
3265->3266:T
3266->3267:T
3267->3268:C
3268->3269:A
3269->3270:A
3270->3271:A
3271->3272:T
3272->3273:T
3273->3274:C
3274->3275:T
3275->3276:A
3276->3277:A
3277->3278:C
3278->3279:G
3279->3280:G
3280->3281:G
3281->3282:T
3282->3283:T
3283->3284:C
3284->3285:T
3285->3286:G
3286->3287:G
3287->3288:A
3288->3289:G
3289->3290:G
3290->3291:T
3291->3292:C
3292->3293:G
3293->3294:G
3294->3295:G
3295->3296:G
3296->3297:G
3297->3298:G
3298->3299:A
3299->3300:C
3300->3301:G
3301->3302:A
3302->3303:T
3303->3304:G
3304->3305:C
3305->3306:A
3306->3307:T
3307->3308:G
3308->3309:G
3309->3310:A
3310->3311:G
3311->3312:T
3312->3313:G
3313->3314:G
3314->3315:A
275->532:C
532->6744:A
6744->6745:C
6745->6746:A
6746->6747:T
6747->6748:A
6748->6749:G
6749->6750:G
6750->6751:G
6751->6752:G
6752->6753:T
6753->6754:C
6754->6755:A
6755->6756:T
6756->6757:T
6757->6758:C
6758->6759:A
6759->6760:T
6760->6761:A
6761->6762:G
6762->6763:A
6763->6764:C
6764->6765:C
6765->6766:A
6766->6767:T
6767->6768:G
6768->6769:G
6769->6770:A
6770->6771:C
6771->6772:T
6772->6773:T
6773->6774:G
6774->6775:C
6775->6776:C
6776->6777:G
6777->6778:T
6778->6779:A
6779->6780:T
6780->6781:A
6781->6782:G
6782->6783:C
6783->6784:G
6784->6785:T
6785->6786:G
6786->6787:G
6787->6788:A
6788->6789:T
6789->6790:A
6790->6791:A
6791->6792:C
6792->6793:A
6793->6794:T
6794->6795:A
6795->6796:G
6796->6797:C
6797->6798:A
6798->6799:T
6799->6800:A
6800->6801:G
6801->6802:T
6802->6803:A
6803->6804:T
6804->6805:G
6805->6806:C
6806->6807:A
6807->6808:C
6808->6809:G
6809->6810:A
6810->6811:T
6811->6812:T
6812->6813:T
6813->6814:T
6814->6815:T
6815->6816:G
6816->6817:T
6817->6818:G
6818->6819:C
6819->6820:A
6820->6821:A
6821->6822:T
6822->6823:C
6823->6824:T
6824->6825:A
6825->6826:G
6826->6827:T
6827->6828:G
6828->6829:A
6829->6830:C
6830->6831:C
6831->6832:A
6832->6833:C
6833->6834:C
6834->6835:A
6835->6836:A
6836->6837:G
6837->6838:T
6838->6839:A
6839->6840:T
532->533:T
533->5029:G
5029->5030:G
5030->5031:G
5031->5032:C
5032->5033:G
5033->5034:G
5034->5035:C
5035->5036:T
5036->5037:C
5037->5038:C
5038->5039:G
5039->5040:T
5040->5041:A
5041->5042:T
5042->5043:C
5043->5044:T
5044->5045:G
5045->5046:G
5046->5047:T
5047->5048:G
5048->5049:G
5049->5050:G
5050->5051:T
5051->5052:C
5052->5053:G
5053->5054:G
5054->5055:T
5055->5056:C
5056->5057:A
5057->5058:A
5058->5059:G
5059->5060:T
5060->5061:T
5061->5062:A
5062->5063:G
5063->5064:A
5064->5065:A
5065->5066:G
5066->5067:A
5067->5068:A
5068->5069:T
5069->5070:T
5070->5071:C
5071->5072:C
5072->5073:A
5073->5074:A
5074->5075:C
5075->5076:A
5076->5077:A
5077->5078:G
5078->5079:A
5079->5080:A
5080->5081:C
5081->5082:G
5082->5083:G
5083->5084:A
5084->5085:G
5085->5086:G
5086->5087:A
5087->5088:A
5088->5089:G
5089->5090:A
5090->5091:G
5091->5092:C
5092->5093:A
5093->5094:C
5094->5095:A
5095->5096:G
5096->5097:C
5097->5098:G
5098->5099:T
5099->5100:G
5100->5101:T
5101->5102:C
5102->5103:G
5103->5104:T
5104->5105:G
5105->5106:A
533->534:A
534->535:T
535->536:T
536->537:A
537->538:C
538->539:C
539->540:G
540->541:A
541->542:T
542->543:A
543->544:T
544->545:C
545->546:A
546->547:T
547->548:A
548->549:T
549->550:A
550->551:A
551->552:C
552->553:C
553->554:C
554->555:G
555->556:G
556->557:T
557->558:A
558->559:C
559->560:G
560->561:G
561->562:T
562->563:A
563->564:T
564->565:C
565->566:T
566->567:T
567->568:C
568->569:G
569->570:T
570->571:T
571->572:C
572->573:T
573->574:T
574->575:G
575->576:A
576->577:G
577->578:T
578->579:A
579->580:T
580->581:A
581->582:G
582->583:G
583->584:T
584->585:A
585->586:T
586->587:A
587->588:G
588->589:G
589->590:C
590->591:C
591->592:T
592->593:A
593->594:G
594->595:G
595->596:C
596->597:A
597->598:G
598->599:T
599->600:T
600->601:T
601->602:T
602->603:C
603->604:C
604->605:C
605->606:G
606->607:A
607->608:A
608->609:G
609->610:A
610->611:G
611->612:T
612->613:C
613->614:G
614->615:A
615->616:A
616->617:G
617->618:T
618->619:T
619->620:G
620->621:T
621->622:A
622->623:G
623->624:A
624->625:G
625->626:T
626->627:A
627->628:G
628->629:G
275->276:G
276->5887:T
5887->6652:G
6652->6653:T
6653->6654:A
6654->6655:G
6655->6656:T
6656->6657:C
6657->6658:G
6658->6659:C
6659->6660:G
6660->6661:C
6661->6662:C
6662->6663:G
6663->6664:T
6664->6665:C
6665->6666:C
6666->6667:A
6667->6668:A
6668->6669:A
6669->6670:G
6670->6671:T
6671->6672:C
6672->6673:C
6673->6674:G
6674->6675:A
6675->6676:T
6676->6677:C
6677->6678:C
6678->6679:G
6679->6680:C
6680->6681:G
6681->6682:C
6682->6683:A
6683->6684:T
6684->6685:C
6685->6686:G
6686->6687:T
6687->6688:T
6688->6689:G
6689->6690:G
6690->6691:C
6691->6692:C
6692->6693:T
6693->6694:A
6694->6695:A
6695->6696:C
6696->6697:G
6697->6698:A
6698->6699:A
6699->6700:C
6700->6701:C
6701->6702:A
6702->6703:G
6703->6704:T
6704->6705:G
6705->6706:C
6706->6707:G
6707->6708:T
6708->6709:C
6709->6710:C
6710->6711:A
6711->6712:T
6712->6713:G
6713->6714:T
6714->6715:G
6715->6716:T
6716->6717:A
6717->6718:C
6718->6719:T
6719->6720:A
6720->6721:C
6721->6722:A
6722->6723:G
6723->6724:C
6724->6725:C
6725->6726:G
6726->6727:A
6727->6728:G
6728->6729:A
6729->6730:G
6730->6731:C
6731->6732:A
6732->6733:G
6733->6734:T
6734->6735:A
6735->6736:A
6736->6737:T
6737->6738:T
6738->6739:C
6739->6740:C
6740->6741:G
6741->6742:G
6742->6743:T
5887->5888:C
5888->5889:T
5889->5890:C
5890->5891:G
5891->5892:A
5892->5893:C
5893->5894:C
5894->5895:C
5895->5896:A
5896->5897:A
5897->5898:A
5898->5899:C
5899->5900:A
5900->5901:G
5901->5902:T
5902->5903:T
5903->5904:G
5904->5905:A
5905->5906:A
5906->5907:A
5907->5908:A
5908->5909:T
5909->5910:C
5910->5911:G
5911->5912:A
5912->5913:C
5913->5914:C
5914->5915:T
5915->5916:A
5916->5917:T
5917->5918:T
5918->5919:A
5919->5920:G
5920->5921:A
5921->5922:G
5922->5923:A
5923->5924:C
5924->5925:G
5925->5926:G
5926->5927:C
5927->5928:G
5928->5929:C
5929->5930:T
5930->5931:T
5931->5932:G
5932->5933:A
5933->5934:T
5934->5935:C
5935->5936:G
5936->5937:C
5937->5938:C
5938->5939:C
5939->5940:A
5940->5941:A
5941->5942:C
5942->5943:G
5943->5944:A
5944->5945:A
5945->5946:G
5946->5947:A
5947->5948:T
5948->5949:C
5949->5950:A
5950->5951:T
5951->5952:G
5952->5953:A
5953->5954:G
5954->5955:C
5955->5956:G
5956->5957:G
5957->5958:G
5958->5959:C
5959->5960:C
5960->5961:A
5961->5962:G
5962->5963:T
5963->5964:A
5964->5965:T
5965->5966:G
5966->5967:T
5967->5968:A
5968->5969:A
5969->5970:A
5970->5971:C
5971->5972:G
5972->5973:A
276->4502:C
4502->4503:A
4503->4504:C
4504->4505:G
4505->4506:G
4506->4507:C
4507->4508:C
4508->4509:C
4509->4510:T
4510->4511:A
4511->4512:T
4512->4513:A
4513->4514:C
4514->4515:T
4515->4516:G
4516->4517:G
4517->4518:A
4518->4519:G
4519->4520:T
4520->4521:A
4521->4522:A
4522->4523:G
4523->4524:T
4524->4525:T
4525->4526:A
4526->4527:G
4527->4528:T
4528->4529:G
4529->4530:G
4530->4531:A
4531->4532:C
4532->4533:G
4533->4534:G
4534->4535:A
4535->4536:C
4536->4537:A
4537->4538:T
4538->4539:A
4539->4540:T
4540->4541:T
4541->4542:G
4542->4543:A
4543->4544:G
4544->4545:T
4545->4546:C
4546->4547:G
4547->4548:G
4548->4549:C
4549->4550:T
4550->4551:G
4551->4552:G
4552->4553:C
4553->4554:T
4554->4555:C
4555->4556:T
4556->4557:G
4557->4558:G
4558->4559:A
4559->4560:G
4560->4561:A
4561->4562:A
4562->4563:C
4563->4564:C
4564->4565:T
4565->4566:A
4566->4567:A
4567->4568:G
4568->4569:C
4569->4570:C
4570->4571:T
4571->4572:T
4572->4573:A
4573->4574:C
4574->4575:C
4575->4576:A
4576->4577:G
4577->4578:C
4578->4579:A
4579->4580:C
4580->4581:C
4581->4582:T
4582->4583:A
4583->4584:A
4584->4585:C
4585->4586:C
4586->4587:C
4587->4588:G
4588->4589:G
4589->4590:T
4590->4591:T
4591->4592:A
4592->4593:T
4593->4594:A
4594->4595:C
4595->4596:T
276->993:G
993->994:T
994->995:T
995->996:T
996->997:C
997->998:C
998->999:T
999->1000:A
1000->1001:C
1001->1002:G
1002->1003:A
1003->1004:C
1004->1005:C
1005->1006:C
1006->1007:T
1007->1008:A
1008->1009:G
1009->1010:C
1010->1011:G
1011->1012:G
1012->1013:T
1013->1014:G
1014->1015:G
1015->1016:G
1016->1017:C
1017->1018:A
1018->1019:A
1019->1020:C
1020->1021:G
1021->1022:T
1022->1023:T
1023->1024:G
1024->1025:C
1025->1026:G
1026->1027:G
1027->1028:C
1028->1029:G
1029->1030:A
1030->1031:A
1031->1032:G
1032->1033:T
1033->1034:C
1034->1035:G
1035->1036:T
1036->1037:T
1037->1038:C
1038->1039:A
1039->1040:C
1040->1041:A
1041->1042:C
1042->1043:A
1043->1044:T
1044->1045:A
1045->1046:G
1046->1047:T
1047->1048:T
1048->1049:G
1049->1050:G
1050->1051:A
1051->1052:G
1052->1053:C
1053->1054:T
1054->1055:T
1055->1056:T
1056->1057:A
1057->1058:C
1058->1059:A
1059->1060:C
1060->1061:G
1061->1062:G
1062->1063:G
1063->1064:G
1064->1065:T
1065->1066:A
1066->1067:T
1067->1068:T
1068->1069:T
1069->1070:G
1070->1071:C
1071->1072:T
1072->1073:G
1073->1074:T
1074->1075:A
1075->1076:T
1076->1077:G
1077->1078:T
1078->1079:A
276->277:A
277->3483:G
3483->3484:G
3484->3485:G
3485->3486:C
3486->3487:G
3487->3488:G
3488->3489:G
3489->3490:C
3490->3491:G
3491->3492:T
3492->3493:T
3493->3494:G
3494->3495:C
3495->3496:G
3496->3497:G
3497->3498:G
3498->3499:T
3499->3500:C
3500->3501:G
3501->3502:A
3502->3503:A
3503->3504:C
3504->3505:G
3505->3506:A
3506->3507:C
3507->3508:G
3508->3509:C
3509->3510:A
3510->3511:C
3511->3512:G
3512->3513:T
3513->3514:A
3514->3515:A
3515->3516:G
3516->3517:G
3517->3518:A
3518->3519:G
3519->3520:C
3520->3521:A
3521->3522:C
3522->3523:T
3523->3524:G
3524->3525:T
3525->3526:A
3526->3527:G
3527->3528:A
3528->3529:A
3529->3530:T
3530->3531:A
3531->3532:T
3532->3533:G
3533->3534:T
3534->3535:G
3535->3536:T
3536->3537:A
3537->3538:T
3538->3539:A
3539->3540:A
3540->3541:T
3541->3542:T
3542->3543:C
3543->3544:C
3544->3545:G
3545->3546:T
3546->3547:G
3547->3548:C
3548->3549:T
3549->3550:T
3550->3551:T
3551->3552:C
3552->3553:A
3553->3554:C
3554->3555:C
3555->3556:A
3556->3557:C
3557->3558:C
3558->3559:A
3559->3560:C
3560->3561:C
3561->3562:T
3562->3563:T
3563->3564:T
3564->3565:G
277->278:C
278->279:A
279->280:C
280->281:G
281->282:C
282->283:C
283->284:A
284->285:A
285->286:T
286->287:T
287->288:C
288->289:A
289->290:A
290->291:G
291->292:G
292->293:A
293->294:G
294->295:T
295->296:A
296->297:T
297->298:C
298->299:A
299->300:T
300->301:T
301->302:G
302->303:G
303->304:A
304->305:C
305->306:C
306->307:A
307->308:G
308->309:A
309->310:A
310->311:C
311->312:A
312->313:G
313->314:C
314->315:T
315->316:A
316->317:C
317->318:G
318->319:T
319->320:A
320->321:T
321->322:T
322->323:C
323->324:A
324->325:C
325->326:G
326->327:T
327->328:G
328->329:T
329->330:T
330->331:A
331->332:A
332->333:T
333->334:A
334->335:C
335->336:A
336->337:C
337->338:G
338->339:C
339->340:G
340->341:G
341->342:T
342->343:C
343->344:A
344->345:C
345->346:A
346->347:G
347->348:A
348->349:A
349->350:A
350->351:G
351->352:A
352->353:A
353->354:T
354->355:T
355->356:T
356->357:T
357->358:A
358->359:A
359->360:T
360->361:G
361->362:G
362->363:T
363->364:A
0->100:A
100->2548:C
2548->4845:A
4845->6141:G
6141->6142:T
6142->6143:C
6143->6144:A
6144->6145:T
6145->6146:G
6146->6147:C
6147->6148:A
6148->6149:G
6149->6150:T
6150->6151:A
6151->6152:C
6152->6153:A
6153->6154:A
6154->6155:A
6155->6156:G
6156->6157:G
6157->6158:T
6158->6159:G
6159->6160:G
6160->6161:T
6161->6162:A
6162->6163:G
6163->6164:A
6164->6165:A
6165->6166:G
6166->6167:T
6167->6168:G
6168->6169:A
6169->6170:T
6170->6171:G
6171->6172:C
6172->6173:A
6173->6174:G
6174->6175:G
6175->6176:G
6176->6177:T
6177->6178:G
6178->6179:T
6179->6180:G
6180->6181:A
6181->6182:A
6182->6183:G
6183->6184:G
6184->6185:G
6185->6186:G
6186->6187:A
6187->6188:T
6188->6189:T
6189->6190:C
6190->6191:C
6191->6192:T
6192->6193:A
6193->6194:A
6194->6195:G
6195->6196:C
6196->6197:T
6197->6198:G
6198->6199:T
6199->6200:A
6200->6201:T
6201->6202:T
6202->6203:G
6203->6204:C
6204->6205:C
6205->6206:G
6206->6207:C
6207->6208:G
6208->6209:A
6209->6210:A
6210->6211:G
6211->6212:C
6212->6213:C
6213->6214:G
6214->6215:C
6215->6216:T
6216->6217:T
6217->6218:C
6218->6219:T
6219->6220:T
6220->6221:C
6221->6222:C
6222->6223:G
6223->6224:T
6224->6225:T
6225->6226:T
6226->6227:A
4845->4846:C
4846->4847:C
4847->4848:C
4848->4849:A
4849->4850:G
4850->4851:A
4851->4852:T
4852->4853:C
4853->4854:C
4854->4855:C
4855->4856:T
4856->4857:G
4857->4858:T
4858->4859:T
4859->4860:T
4860->4861:G
4861->4862:C
4862->4863:C
4863->4864:A
4864->4865:C
4865->4866:C
4866->4867:A
4867->4868:G
4868->4869:G
4869->4870:G
4870->4871:C
4871->4872:A
4872->4873:G
4873->4874:C
4874->4875:C
4875->4876:C
4876->4877:G
4877->4878:C
4878->4879:A
4879->4880:A
4880->4881:A
4881->4882:G
4882->4883:A
4883->4884:T
4884->4885:T
4885->4886:T
4886->4887:A
4887->4888:A
4888->4889:A
4889->4890:T
4890->4891:C
4891->4892:C
4892->4893:A
4893->4894:G
4894->4895:G
4895->4896:A
4896->4897:T
4897->4898:T
4898->4899:A
4899->4900:A
4900->4901:A
4901->4902:A
4902->4903:A
4903->4904:A
4904->4905:T
4905->4906:G
4906->4907:G
4907->4908:C
4908->4909:C
4909->4910:C
4910->4911:C
4911->4912:A
4912->4913:T
4913->4914:T
4914->4915:T
4915->4916:C
4916->4917:A
4917->4918:A
4918->4919:C
4919->4920:C
4920->4921:C
4921->4922:C
4922->4923:G
4923->4924:A
4924->4925:C
4925->4926:A
4926->4927:C
4927->4928:T
4928->4929:C
4929->4930:C
4930->4931:G
4931->4932:C
4932->4933:A
4933->4934:T
4934->4935:T
4935->4936:G
4936->4937:A
4937->4938:A
4938->4939:A
2548->2549:C
2549->2550:G
2550->2551:G
2551->2552:C
2552->2553:C
2553->2554:C
2554->2555:A
2555->2556:A
2556->2557:C
2557->2558:C
2558->2559:C
2559->2560:T
2560->2561:C
2561->2562:G
2562->2563:T
2563->2564:A
2564->2565:C
2565->2566:G
2566->2567:G
2567->2568:C
2568->2569:G
2569->2570:A
2570->2571:G
2571->2572:A
2572->2573:T
2573->2574:T
2574->2575:T
2575->2576:A
2576->2577:G
2577->2578:A
2578->2579:C
2579->2580:G
2580->2581:G
2581->2582:C
2582->2583:C
2583->2584:C
2584->2585:A
2585->2586:T
2586->2587:G
2587->2588:C
2588->2589:G
2589->2590:A
2590->2591:A
2591->2592:T
2592->2593:G
2593->2594:T
2594->2595:T
2595->2596:C
2596->2597:A
2597->2598:T
2598->2599:A
2599->2600:C
2600->2601:C
2601->2602:A
2602->2603:A
2603->2604:T
2604->2605:A
2605->2606:A
2606->2607:C
2607->2608:G
2608->2609:T
2609->2610:A
2610->2611:G
2611->2612:T
2612->2613:A
2613->2614:G
2614->2615:A
2615->2616:T
2616->2617:T
2617->2618:A
2618->2619:A
2619->2620:G
2620->2621:A
2621->2622:T
2622->2623:C
2623->2624:A
2624->2625:A
2625->2626:G
100->1160:T
1160->3993:G
3993->3994:G
3994->3995:A
3995->3996:C
3996->3997:C
3997->3998:G
3998->3999:C
3999->4000:A
4000->4001:T
4001->4002:T
4002->4003:T
4003->4004:T
4004->4005:G
4005->4006:A
4006->4007:C
4007->4008:T
4008->4009:A
4009->4010:C
4010->4011:C
4011->4012:C
4012->4013:T
4013->4014:C
4014->4015:A
4015->4016:T
4016->4017:G
4017->4018:G
4018->4019:A
4019->4020:G
4020->4021:A
4021->4022:G
4022->4023:T
4023->4024:C
4024->4025:T
4025->4026:A
4026->4027:A
4027->4028:G
4028->4029:A
4029->4030:T
4030->4031:C
4031->4032:T
4032->4033:C
4033->4034:C
4034->4035:T
4035->4036:A
4036->4037:T
4037->4038:A
4038->4039:A
4039->4040:C
4040->4041:A
4041->4042:C
4042->4043:T
4043->4044:A
4044->4045:A
4045->4046:A
4046->4047:C
4047->4048:T
4048->4049:G
4049->4050:G
4050->4051:T
4051->4052:C
4052->4053:T
4053->4054:G
4054->4055:G
4055->4056:G
4056->4057:A
4057->4058:G
4058->4059:G
4059->4060:A
4060->4061:T
4061->4062:T
4062->4063:A
4063->4064:C
4064->4065:G
4065->4066:G
4066->4067:C
4067->4068:T
4068->4069:T
4069->4070:A
4070->4071:A
4071->4072:T
4072->4073:G
4073->4074:T
4074->4075:C
4075->4076:A
4076->4077:A
4077->4078:A
4078->4079:A
4079->4080:G
4080->4081:T
1160->2806:T
2806->2807:G
2807->2808:G
2808->2809:C
2809->2810:A
2810->2811:C
2811->2812:T
2812->2813:C
2813->2814:T
2814->2815:T
2815->2816:A
2816->2817:C
2817->2818:A
2818->2819:T
2819->2820:T
2820->2821:A
2821->2822:A
2822->2823:C
2823->2824:A
2824->2825:A
2825->2826:G
2826->2827:C
2827->2828:A
2828->2829:T
2829->2830:T
2830->2831:T
2831->2832:C
2832->2833:T
2833->2834:T
2834->2835:C
2835->2836:G
2836->2837:G
2837->2838:T
2838->2839:C
2839->2840:A
2840->2841:A
2841->2842:G
2842->2843:A
2843->2844:T
2844->2845:G
2845->2846:A
2846->2847:T
2847->2848:C
2848->2849:A
2849->2850:C
2850->2851:C
2851->2852:A
2852->2853:T
2853->2854:A
2854->2855:C
2855->2856:G
2856->2857:A
2857->2858:G
2858->2859:C
2859->2860:A
2860->2861:A
2861->2862:C
2862->2863:G
2863->2864:G
2864->2865:C
2865->2866:T
2866->2867:G
2867->2868:A
2868->2869:G
2869->2870:G
2870->2871:G
2871->2872:A
2872->2873:A
2873->2874:C
2874->2875:G
2875->2876:A
2876->2877:A
2877->2878:T
2878->2879:A
2879->2880:C
2880->2881:C
2881->2882:T
2882->2883:T
1160->1694:A
1694->2627:T
2627->2628:C
2628->2629:G
2629->2630:T
2630->2631:G
2631->2632:G
2632->2633:T
2633->2634:C
2634->2635:C
2635->2636:T
2636->2637:A
2637->2638:G
2638->2639:C
2639->2640:T
2640->2641:G
2641->2642:T
2642->2643:T
2643->2644:G
2644->2645:C
2645->2646:C
2646->2647:G
2647->2648:A
2648->2649:G
2649->2650:A
2650->2651:T
2651->2652:G
2652->2653:C
2653->2654:A
2654->2655:G
2655->2656:C
2656->2657:T
2657->2658:C
2658->2659:T
2659->2660:G
2660->2661:T
2661->2662:T
2662->2663:A
2663->2664:C
2664->2665:G
2665->2666:T
2666->2667:G
2667->2668:G
2668->2669:T
2669->2670:C
2670->2671:G
2671->2672:T
2672->2673:G
2673->2674:G
2674->2675:G
2675->2676:A
2676->2677:G
2677->2678:G
2678->2679:A
2679->2680:A
2680->2681:C
2681->2682:A
2682->2683:G
2683->2684:G
2684->2685:A
2685->2686:C
2686->2687:A
2687->2688:G
2688->2689:A
2689->2690:A
2690->2691:C
2691->2692:T
2692->2693:C
2693->2694:C
2694->2695:G
2695->2696:C
2696->2697:A
2697->2698:T
2698->2699:G
2699->2700:A
2700->2701:G
2701->2702:G
2702->2703:T
2703->2704:C
2704->2705:C
2705->2706:A
2706->2707:A
2707->2708:A
2708->2709:T
2709->2710:T
2710->2711:C
2711->2712:G
2712->2713:G
2713->2714:G
2714->2715:G
1694->1695:G
1695->1696:T
1696->1697:C
1697->1698:T
1698->1699:A
1699->1700:T
1700->1701:G
1701->1702:T
1702->1703:G
1703->1704:C
1704->1705:G
1705->1706:G
1706->1707:T
1707->1708:T
1708->1709:A
1709->1710:T
1710->1711:A
1711->1712:G
1712->1713:C
1713->1714:A
1714->1715:C
1715->1716:G
1716->1717:G
1717->1718:A
1718->1719:C
1719->1720:A
1720->1721:G
1721->1722:G
1722->1723:T
1723->1724:A
1724->1725:G
1725->1726:T
1726->1727:G
1727->1728:A
1728->1729:C
1729->1730:C
1730->1731:T
1731->1732:T
1732->1733:C
1733->1734:C
1734->1735:T
1735->1736:T
1736->1737:C
1737->1738:C
1738->1739:T
1739->1740:C
1740->1741:G
1741->1742:G
1742->1743:G
1743->1744:G
1744->1745:T
1745->1746:T
1746->1747:C
1747->1748:C
1748->1749:G
1749->1750:T
1750->1751:C
1751->1752:A
1752->1753:C
1753->1754:C
1754->1755:G
1755->1756:C
1756->1757:G
1757->1758:T
1758->1759:A
1759->1760:C
1760->1761:T
1761->1762:T
1762->1763:G
1763->1764:A
1764->1765:A
1765->1766:C
1766->1767:C
1767->1768:G
1768->1769:T
1769->1770:G
1770->1771:A
1771->1772:T
1772->1773:G
1773->1774:A
1774->1775:G
1775->1776:C
1776->1777:T
1777->1778:T
1778->1779:A
1779->1780:G
1780->1781:A
1160->1161:C
1161->1162:T
1162->1163:C
1163->1164:C
1164->1165:C
1165->1166:C
1166->1167:T
1167->1168:C
1168->1169:G
1169->1170:C
1170->1171:C
1171->1172:A
1172->1173:C
1173->1174:C
1174->1175:C
1175->1176:G
1176->1177:A
1177->1178:T
1178->1179:G
1179->1180:T
1180->1181:G
1181->1182:C
1182->1183:G
1183->1184:T
1184->1185:G
1185->1186:T
1186->1187:C
1187->1188:C
1188->1189:G
1189->1190:C
1190->1191:G
1191->1192:A
1192->1193:G
1193->1194:T
1194->1195:A
1195->1196:G
1196->1197:G
1197->1198:A
1198->1199:G
1199->1200:A
1200->1201:G
1201->1202:C
1202->1203:C
1203->1204:T
1204->1205:C
1205->1206:T
1206->1207:G
1207->1208:C
1208->1209:T
1209->1210:A
1210->1211:A
1211->1212:A
1212->1213:G
1213->1214:G
1214->1215:A
1215->1216:A
1216->1217:T
1217->1218:A
1218->1219:T
1219->1220:C
1220->1221:T
1221->1222:G
1222->1223:A
1223->1224:A
1224->1225:C
1225->1226:G
1226->1227:G
1227->1228:T
1228->1229:G
1229->1230:C
1230->1231:T
1231->1232:T
1232->1233:C
1233->1234:G
1234->1235:A
1235->1236:T
1236->1237:A
1237->1238:G
1238->1239:G
1239->1240:T
1240->1241:C
100->184:G
184->3316:A
3316->3317:G
3317->3318:T
3318->3319:T
3319->3320:T
3320->3321:T
3321->3322:T
3322->3323:G
3323->3324:G
3324->3325:C
3325->3326:A
3326->3327:A
3327->3328:C
3328->3329:C
3329->3330:T
3330->3331:A
3331->3332:A
3332->3333:T
3333->3334:T
3334->3335:A
3335->3336:T
3336->3337:A
3337->3338:C
3338->3339:C
3339->3340:T
3340->3341:A
3341->3342:C
3342->3343:A
3343->3344:C
3344->3345:C
3345->3346:G
3346->3347:G
3347->3348:G
3348->3349:G
3349->3350:C
3350->3351:T
3351->3352:T
3352->3353:C
3353->3354:T
3354->3355:A
3355->3356:A
3356->3357:T
3357->3358:C
3358->3359:C
3359->3360:T
3360->3361:A
3361->3362:G
3362->3363:A
3363->3364:T
3364->3365:T
3365->3366:C
3366->3367:T
3367->3368:T
3368->3369:G
3369->3370:A
3370->3371:C
3371->3372:C
3372->3373:T
3373->3374:C
3374->3375:C
3375->3376:T
3376->3377:G
3377->3378:A
3378->3379:T
3379->3380:A
3380->3381:T
3381->3382:A
3382->3383:C
3383->3384:G
3384->3385:C
3385->3386:T
3386->3387:A
3387->3388:C
3388->3389:C
3389->3390:A
3390->3391:C
3391->3392:G
3392->3393:A
184->451:T
451->4597:A
4597->4598:C
4598->4599:A
4599->4600:G
4600->4601:C
4601->4602:G
4602->4603:T
4603->4604:C
4604->4605:G
4605->4606:A
4606->4607:G
4607->4608:A
4608->4609:C
4609->4610:C
4610->4611:G
4611->4612:G
4612->4613:C
4613->4614:G
4614->4615:T
4615->4616:T
4616->4617:C
4617->4618:T
4618->4619:C
4619->4620:C
4620->4621:A
4621->4622:C
4622->4623:T
4623->4624:G
4624->4625:G
4625->4626:T
4626->4627:T
4627->4628:G
4628->4629:A
4629->4630:A
4630->4631:G
4631->4632:C
4632->4633:A
4633->4634:C
4634->4635:C
4635->4636:T
4636->4637:G
4637->4638:C
4638->4639:A
4639->4640:C
4640->4641:C
4641->4642:A
4642->4643:C
4643->4644:G
4644->4645:A
4645->4646:T
4646->4647:T
4647->4648:A
4648->4649:G
4649->4650:C
4650->4651:C
4651->4652:A
4652->4653:G
4653->4654:C
4654->4655:T
4655->4656:G
4656->4657:G
4657->4658:G
4658->4659:G
4659->4660:G
4660->4661:C
4661->4662:T
4662->4663:G
4663->4664:A
4664->4665:A
4665->4666:C
4666->4667:C
4667->4668:A
4668->4669:A
4669->4670:T
4670->4671:T
4671->4672:T
4672->4673:T
4673->4674:T
4674->4675:C
4675->4676:G
4676->4677:T
4677->4678:G
4678->4679:G
4679->4680:C
4680->4681:C
4681->4682:G
451->2716:G
2716->2717:G
2717->2718:G
2718->2719:T
2719->2720:A
2720->2721:C
2721->2722:A
2722->2723:T
2723->2724:G
2724->2725:G
2725->2726:T
2726->2727:A
2727->2728:C
2728->2729:C
2729->2730:A
2730->2731:C
2731->2732:G
2732->2733:A
2733->2734:C
2734->2735:A
2735->2736:A
2736->2737:A
2737->2738:G
2738->2739:A
2739->2740:T
2740->2741:G
2741->2742:C
2742->2743:C
2743->2744:C
2744->2745:A
2745->2746:A
2746->2747:G
2747->2748:C
2748->2749:G
2749->2750:A
2750->2751:T
2751->2752:C
2752->2753:G
2753->2754:A
2754->2755:A
2755->2756:G
2756->2757:T
2757->2758:T
2758->2759:T
2759->2760:T
2760->2761:G
2761->2762:C
2762->2763:A
2763->2764:A
2764->2765:A
2765->2766:G
2766->2767:G
2767->2768:A
2768->2769:C
2769->2770:A
2770->2771:C
2771->2772:A
2772->2773:A
2773->2774:G
2774->2775:C
2775->2776:T
2776->2777:C
2777->2778:A
2778->2779:A
2779->2780:C
2780->2781:G
2781->2782:G
2782->2783:T
2783->2784:A
2784->2785:C
2785->2786:A
2786->2787:C
2787->2788:T
2788->2789:T
2789->2790:C
2790->2791:G
2791->2792:C
2792->2793:C
2793->2794:A
2794->2795:A
2795->2796:T
2796->2797:G
2797->2798:T
2798->2799:A
2799->2800:A
2800->2801:T
2801->2802:T
2802->2803:G
2803->2804:A
2804->2805:A
451->452:T
452->2203:A
2203->3653:A
3653->3654:T
3654->3655:A
3655->3656:T
3656->3657:A
3657->3658:G
3658->3659:G
3659->3660:T
3660->3661:G
3661->3662:T
3662->3663:C
3663->3664:G
3664->3665:G
3665->3666:C
3666->3667:C
3667->3668:G
3668->3669:C
3669->3670:C
3670->3671:T
3671->3672:C
3672->3673:T
3673->3674:C
3674->3675:C
3675->3676:T
3676->3677:T
3677->3678:A
3678->3679:T
3679->3680:A
3680->3681:C
3681->3682:C
3682->3683:T
3683->3684:T
3684->3685:G
3685->3686:C
3686->3687:G
3687->3688:A
3688->3689:C
3689->3690:A
3690->3691:T
3691->3692:C
3692->3693:G
3693->3694:A
3694->3695:G
3695->3696:G
3696->3697:G
3697->3698:G
3698->3699:A
3699->3700:G
3700->3701:A
3701->3702:A
3702->3703:C
3703->3704:A
3704->3705:G
3705->3706:G
3706->3707:C
3707->3708:G
3708->3709:C
3709->3710:G
3710->3711:A
3711->3712:T
3712->3713:C
3713->3714:A
3714->3715:T
3715->3716:C
3716->3717:C
3717->3718:G
3718->3719:G
3719->3720:T
3720->3721:G
3721->3722:T
3722->3723:T
3723->3724:C
3724->3725:G
3725->3726:A
3726->3727:C
3727->3728:T
3728->3729:A
3729->3730:A
3730->3731:T
3731->3732:C
3732->3733:A
3733->3734:C
2203->2204:C
2204->2205:C
2205->2206:T
2206->2207:T
2207->2208:A
2208->2209:T
2209->2210:A
2210->2211:C
2211->2212:G
2212->2213:C
2213->2214:A
2214->2215:A
2215->2216:A
2216->2217:A
2217->2218:T
2218->2219:A
2219->2220:A
2220->2221:C
2221->2222:T
2222->2223:T
2223->2224:A
2224->2225:T
2225->2226:G
2226->2227:G
2227->2228:C
2228->2229:A
2229->2230:T
2230->2231:T
2231->2232:A
2232->2233:A
2233->2234:T
2234->2235:G
2235->2236:G
2236->2237:C
2237->2238:A
2238->2239:T
2239->2240:G
2240->2241:A
2241->2242:C
2242->2243:T
2243->2244:C
2244->2245:A
2245->2246:T
2246->2247:G
2247->2248:T
2248->2249:C
2249->2250:G
2250->2251:C
2251->2252:A
2252->2253:T
2253->2254:T
2254->2255:G
2255->2256:C
2256->2257:A
2257->2258:T
2258->2259:C
2259->2260:C
2260->2261:C
2261->2262:T
2262->2263:G
2263->2264:A
2264->2265:C
2265->2266:C
2266->2267:A
2267->2268:G
2268->2269:G
2269->2270:C
2270->2271:A
2271->2272:A
2272->2273:T
2273->2274:A
2274->2275:T
2275->2276:T
2276->2277:T
2277->2278:A
2278->2279:G
2279->2280:C
2280->2281:T
2281->2282:T
2282->2283:A
2283->2284:A
2284->2285:C
2285->2286:C
2286->2287:C
2287->2288:C
2288->2289:A
2289->2290:A
2290->2291:A
2291->2292:A
452->453:G
453->454:T
454->455:A
455->456:A
456->457:A
457->458:G
458->459:C
459->460:C
460->461:A
461->462:A
462->463:C
463->464:T
464->465:C
465->466:C
466->467:A
467->468:G
468->469:T
469->470:A
470->471:C
471->472:C
472->473:C
473->474:G
474->475:A
475->476:G
476->477:C
477->478:G
478->479:A
479->480:G
480->481:C
481->482:G
482->483:G
483->484:T
484->485:G
485->486:T
486->487:T
487->488:G
488->489:C
489->490:C
490->491:T
491->492:A
492->493:A
493->494:T
494->495:C
495->496:T
496->497:T
497->498:T
498->499:T
499->500:G
500->501:C
501->502:A
502->503:G
503->504:A
504->505:G
505->506:T
506->507:G
507->508:C
508->509:G
509->510:G
510->511:C
511->512:C
512->513:C
513->514:C
514->515:A
515->516:G
516->517:G
517->518:T
518->519:T
519->520:T
520->521:T
521->522:A
522->523:T
523->524:C
524->525:T
525->526:C
526->527:C
527->528:C
528->529:C
529->530:C
530->531:G
184->185:G
185->1782:T
1782->6310:T
6310->6311:A
6311->6312:C
6312->6313:C
6313->6314:G
6314->6315:G
6315->6316:G
6316->6317:G
6317->6318:A
6318->6319:C
6319->6320:G
6320->6321:A
6321->6322:G
6322->6323:C
6323->6324:T
6324->6325:C
6325->6326:T
6326->6327:A
6327->6328:G
6328->6329:A
6329->6330:C
6330->6331:G
6331->6332:A
6332->6333:A
6333->6334:C
6334->6335:A
6335->6336:C
6336->6337:G
6337->6338:T
6338->6339:C
6339->6340:G
6340->6341:A
6341->6342:C
6342->6343:G
6343->6344:A
6344->6345:G
6345->6346:T
6346->6347:C
6347->6348:C
6348->6349:C
6349->6350:G
6350->6351:A
6351->6352:A
6352->6353:C
6353->6354:A
6354->6355:G
6355->6356:G
6356->6357:T
6357->6358:A
6358->6359:T
6359->6360:G
6360->6361:C
6361->6362:C
6362->6363:G
6363->6364:T
6364->6365:T
6365->6366:C
6366->6367:C
6367->6368:T
6368->6369:C
6369->6370:A
6370->6371:T
6371->6372:C
6372->6373:G
6373->6374:G
6374->6375:C
6375->6376:A
6376->6377:C
6377->6378:A
6378->6379:T
6379->6380:G
6380->6381:A
6381->6382:C
6382->6383:G
6383->6384:A
6384->6385:C
6385->6386:G
6386->6387:A
6387->6388:A
6388->6389:C
6389->6390:G
6390->6391:G
6391->6392:C
6392->6393:T
6393->6394:A
6394->6395:C
6395->6396:T
6396->6397:A
6397->6398:G
6398->6399:G
6399->6400:T
6400->6401:A
6401->6402:A
1782->1783:C
1783->1784:A
1784->1785:A
1785->1786:C
1786->1787:A
1787->1788:T
1788->1789:G
1789->1790:G
1790->1791:T
1791->1792:C
1792->1793:A
1793->1794:C
1794->1795:C
1795->1796:T
1796->1797:C
1797->1798:T
1798->1799:C
1799->1800:T
1800->1801:C
1801->1802:A
1802->1803:A
1803->1804:T
1804->1805:A
1805->1806:T
1806->1807:T
1807->1808:T
1808->1809:A
1809->1810:A
1810->1811:C
1811->1812:A
1812->1813:C
1813->1814:G
1814->1815:G
1815->1816:A
1816->1817:A
1817->1818:T
1818->1819:C
1819->1820:T
1820->1821:T
1821->1822:T
1822->1823:T
1823->1824:C
1824->1825:T
1825->1826:G
1826->1827:G
1827->1828:T
1828->1829:G
1829->1830:G
1830->1831:G
1831->1832:A
1832->1833:G
1833->1834:C
1834->1835:C
1835->1836:A
1836->1837:T
1837->1838:A
1838->1839:G
1839->1840:G
1840->1841:T
1841->1842:A
1842->1843:G
1843->1844:T
1844->1845:G
1845->1846:G
1846->1847:C
1847->1848:C
1848->1849:C
1849->1850:C
1850->1851:T
1851->1852:C
1852->1853:T
1853->1854:A
1854->1855:T
1855->1856:T
1856->1857:C
1857->1858:T
1858->1859:G
1859->1860:C
185->186:A
186->187:C
187->188:T
188->189:G
189->190:G
190->191:A
191->192:G
192->193:T
193->194:G
194->195:G
195->196:A
196->197:G
197->198:G
198->199:G
199->200:A
200->201:G
201->202:T
202->203:A
203->204:T
204->205:A
205->206:T
206->207:A
207->208:T
208->209:G
209->210:G
210->211:A
211->212:T
212->213:T
213->214:A
214->215:T
215->216:C
216->217:C
217->218:C
218->219:C
219->220:T
220->221:G
221->222:G
222->223:C
223->224:C
224->225:A
225->226:T
226->227:T
227->228:C
228->229:A
229->230:T
230->231:G
231->232:C
232->233:G
233->234:G
234->235:G
235->236:T
236->237:T
237->238:C
238->239:G
239->240:A
240->241:C
241->242:G
242->243:C
243->244:A
244->245:C
245->246:G
246->247:T
247->248:A
248->249:G
249->250:G
250->251:C
251->252:G
252->253:C
253->254:C
254->255:G
255->256:A
256->257:A
257->258:T
258->259:A
259->260:G
260->261:G
261->262:C
262->263:A
263->264:A
264->265:T
265->266:A
266->267:T
267->268:C
268->269:G
269->270:A
270->271:A
271->272:A
272->273:T
273->274:C
100->101:A
101->6841:G
6841->6842:A
6842->6843:C
6843->6844:T
6844->6845:G
6845->6846:C
6846->6847:C
6847->6848:C
6848->6849:G
6849->6850:A
6850->6851:C
6851->6852:T
6852->6853:C
6853->6854:A
6854->6855:A
6855->6856:G
6856->6857:G
6857->6858:G
6858->6859:G
6859->6860:G
6860->6861:A
6861->6862:G
6862->6863:A
6863->6864:G
6864->6865:C
6865->6866:T
6866->6867:A
6867->6868:C
6868->6869:A
6869->6870:G
6870->6871:G
6871->6872:A
6872->6873:G
6873->6874:T
6874->6875:A
6875->6876:A
6876->6877:G
6877->6878:G
6878->6879:A
6879->6880:C
6880->6881:T
6881->6882:G
6882->6883:T
6883->6884:C
6884->6885:T
6885->6886:C
6886->6887:T
6887->6888:C
6888->6889:T
6889->6890:C
6890->6891:G
6891->6892:G
6892->6893:C
6893->6894:T
6894->6895:T
6895->6896:A
6896->6897:G
6897->6898:G
6898->6899:C
6899->6900:T
6900->6901:T
6901->6902:G
6902->6903:A
6903->6904:T
6904->6905:G
6905->6906:G
6906->6907:A
6907->6908:A
6908->6909:T
6909->6910:G
6910->6911:G
6911->6912:G
6912->6913:A
6913->6914:A
6914->6915:G
6915->6916:A
6916->6917:A
6917->6918:T
6918->6919:G
6919->6920:G
6920->6921:A
6921->6922:G
101->4341:C
4341->4342:A
4342->4343:C
4343->4344:T
4344->4345:T
4345->4346:G
4346->4347:T
4347->4348:A
4348->4349:T
4349->4350:C
4350->4351:G
4351->4352:C
4352->4353:C
4353->4354:T
4354->4355:G
4355->4356:T
4356->4357:A
4357->4358:C
4358->4359:C
4359->4360:G
4360->4361:T
4361->4362:T
4362->4363:T
4363->4364:C
4364->4365:C
4365->4366:C
4366->4367:T
4367->4368:G
4368->4369:C
4369->4370:C
4370->4371:C
4371->4372:T
4372->4373:T
4373->4374:C
4374->4375:T
4375->4376:C
4376->4377:A
4377->4378:C
4378->4379:T
4379->4380:C
4380->4381:G
4381->4382:T
4382->4383:T
4383->4384:G
4384->4385:C
4385->4386:C
4386->4387:C
4387->4388:T
4388->4389:A
4389->4390:T
4390->4391:A
4391->4392:G
4392->4393:A
4393->4394:T
4394->4395:C
4395->4396:A
4396->4397:T
4397->4398:A
4398->4399:G
4399->4400:T
4400->4401:G
4401->4402:C
4402->4403:T
4403->4404:G
4404->4405:G
4405->4406:A
4406->4407:A
4407->4408:T
4408->4409:A
4409->4410:C
4410->4411:T
4411->4412:C
4412->4413:A
4413->4414:T
4414->4415:C
4415->4416:C
4416->4417:A
4417->4418:A
4418->4419:G
4419->4420:G
101->102:A
102->1337:G
1337->1338:A
1338->1339:G
1339->1340:T
1340->1341:A
1341->1342:T
1342->1343:G
1343->1344:A
1344->1345:C
1345->1346:G
1346->1347:C
1347->1348:C
1348->1349:A
1349->1350:C
1350->1351:T
1351->1352:G
1352->1353:T
1353->1354:G
1354->1355:T
1355->1356:G
1356->1357:A
1357->1358:C
1358->1359:A
1359->1360:G
1360->1361:C
1361->1362:G
1362->1363:G
1363->1364:C
1364->1365:A
1365->1366:G
1366->1367:C
1367->1368:G
1368->1369:G
1369->1370:A
1370->1371:T
1371->1372:A
1372->1373:A
1373->1374:G
1374->1375:A
1375->1376:C
1376->1377:G
1377->1378:A
1378->1379:A
1379->1380:A
1380->1381:G
1381->1382:T
1382->1383:A
1383->1384:T
1384->1385:C
1385->1386:T
1386->1387:T
1387->1388:A
1388->1389:T
1389->1390:G
1390->1391:A
1391->1392:G
1392->1393:A
1393->1394:C
1394->1395:T
1395->1396:T
1396->1397:T
1397->1398:G
1398->1399:T
1399->1400:A
1400->1401:T
1401->1402:A
1402->1403:G
1403->1404:C
1404->1405:C
1405->1406:G
1406->1407:A
1407->1408:G
1408->1409:G
1409->1410:T
1410->1411:T
1411->1412:T
1412->1413:G
1413->1414:T
1414->1415:G
1415->1416:A
1416->1417:A
1417->1418:A
1418->1419:A
102->103:A
103->104:T
104->105:A
105->106:G
106->107:A
107->108:C
108->109:A
109->110:A
110->111:T
111->112:T
112->113:C
113->114:T
114->115:C
115->116:A
116->117:A
117->118:C
118->119:A
119->120:T
120->121:G
121->122:A
122->123:A
123->124:G
124->125:T
125->126:A
126->127:T
127->128:A
128->129:A
129->130:G
130->131:A
131->132:T
132->133:T
133->134:G
134->135:A
135->136:T
136->137:T
137->138:T
138->139:T
139->140:C
140->141:A
141->142:G
142->143:A
143->144:T
144->145:T
145->146:T
146->147:C
147->148:T
148->149:T
149->150:T
150->151:T
151->152:C
152->153:T
153->154:G
154->155:T
155->156:T
156->157:G
157->158:G
158->159:A
159->160:A
160->161:G
161->162:A
162->163:C
163->164:G
164->165:T
165->166:G
166->167:G
167->168:A
168->169:T
169->170:A
170->171:T
171->172:C
172->173:C
173->174:C
174->175:A
175->176:C
176->177:C
177->178:A
178->179:A
179->180:T
180->181:A
181->182:A
182->183:C
0->1:T
1->2105:T
2105->6228:A
6228->6229:C
6229->6230:A
6230->6231:A
6231->6232:A
6232->6233:G
6233->6234:A
6234->6235:A
6235->6236:G
6236->6237:G
6237->6238:T
6238->6239:A
6239->6240:C
6240->6241:C
6241->6242:A
6242->6243:G
6243->6244:G
6244->6245:C
6245->6246:G
6246->6247:C
6247->6248:C
6248->6249:T
6249->6250:A
6250->6251:G
6251->6252:C
6252->6253:T
6253->6254:G
6254->6255:T
6255->6256:C
6256->6257:C
6257->6258:C
6258->6259:C
6259->6260:T
6260->6261:G
6261->6262:C
6262->6263:G
6263->6264:C
6264->6265:A
6265->6266:A
6266->6267:T
6267->6268:C
6268->6269:T
6269->6270:C
6270->6271:G
6271->6272:T
6272->6273:G
6273->6274:C
6274->6275:T
6275->6276:T
6276->6277:A
6277->6278:G
6278->6279:A
6279->6280:T
6280->6281:G
6281->6282:C
6282->6283:G
6283->6284:C
6284->6285:C
6285->6286:C
6286->6287:C
6287->6288:C
6288->6289:A
6289->6290:A
6290->6291:A
6291->6292:G
6292->6293:A
6293->6294:A
6294->6295:A
6295->6296:T
6296->6297:T
6297->6298:G
6298->6299:T
6299->6300:A
6300->6301:A
6301->6302:G
6302->6303:C
6303->6304:C
6304->6305:C
6305->6306:C
6306->6307:C
6307->6308:A
6308->6309:T
2105->3907:G
3907->3908:G
3908->3909:A
3909->3910:A
3910->3911:T
3911->3912:G
3912->3913:T
3913->3914:A
3914->3915:C
3915->3916:C
3916->3917:C
3917->3918:C
3918->3919:G
3919->3920:A
3920->3921:G
3921->3922:T
3922->3923:G
3923->3924:G
3924->3925:T
3925->3926:G
3926->3927:T
3927->3928:A
3928->3929:A
3929->3930:T
3930->3931:G
3931->3932:G
3932->3933:G
3933->3934:G
3934->3935:T
3935->3936:G
3936->3937:A
3937->3938:T
3938->3939:A
3939->3940:A
3940->3941:G
3941->3942:T
3942->3943:G
3943->3944:C
3944->3945:C
3945->3946:T
3946->3947:G
3947->3948:G
3948->3949:C
3949->3950:G
3950->3951:C
3951->3952:C
3952->3953:C
3953->3954:G
3954->3955:G
3955->3956:T
3956->3957:T
3957->3958:G
3958->3959:G
3959->3960:G
3960->3961:G
3961->3962:G
3962->3963:T
3963->3964:G
3964->3965:C
3965->3966:T
3966->3967:T
3967->3968:G
3968->3969:A
3969->3970:C
3970->3971:T
3971->3972:C
3972->3973:G
3973->3974:G
3974->3975:C
3975->3976:A
3976->3977:C
3977->3978:C
3978->3979:G
3979->3980:A
3980->3981:T
3981->3982:T
3982->3983:A
3983->3984:A
3984->3985:C
3985->3986:C
3986->3987:A
3987->3988:T
3988->3989:T
3989->3990:G
3990->3991:G
3991->3992:G
2105->3820:T
3820->3821:T
3821->3822:C
3822->3823:G
3823->3824:A
3824->3825:T
3825->3826:T
3826->3827:G
3827->3828:A
3828->3829:A
3829->3830:G
3830->3831:C
3831->3832:C
3832->3833:A
3833->3834:T
3834->3835:C
3835->3836:A
3836->3837:A
3837->3838:G
3838->3839:T
3839->3840:C
3840->3841:A
3841->3842:A
3842->3843:C
3843->3844:T
3844->3845:A
3845->3846:A
3846->3847:A
3847->3848:G
3848->3849:A
3849->3850:A
3850->3851:G
3851->3852:T
3852->3853:G
3853->3854:G
3854->3855:T
3855->3856:A
3856->3857:A
3857->3858:A
3858->3859:G
3859->3860:G
3860->3861:C
3861->3862:C
3862->3863:C
3863->3864:C
3864->3865:C
3865->3866:G
3866->3867:C
3867->3868:G
3868->3869:C
3869->3870:T
3870->3871:T
3871->3872:G
3872->3873:C
3873->3874:C
3874->3875:T
3875->3876:G
3876->3877:A
3877->3878:A
3878->3879:G
3879->3880:G
3880->3881:C
3881->3882:T
3882->3883:T
3883->3884:G
3884->3885:G
3885->3886:G
3886->3887:G
3887->3888:A
3888->3889:C
3889->3890:G
3890->3891:C
3891->3892:T
3892->3893:G
3893->3894:T
3894->3895:T
3895->3896:C
3896->3897:A
3897->3898:T
3898->3899:T
3899->3900:T
3900->3901:T
3901->3902:C
3902->3903:G
3903->3904:C
3904->3905:C
3905->3906:G
2105->2106:C
2106->4261:C
4261->4262:G
4262->4263:C
4263->4264:G
4264->4265:C
4265->4266:G
4266->4267:C
4267->4268:A
4268->4269:C
4269->4270:T
4270->4271:C
4271->4272:C
4272->4273:C
4273->4274:T
4274->4275:G
4275->4276:A
4276->4277:G
4277->4278:C
4278->4279:A
4279->4280:T
4280->4281:A
4281->4282:A
4282->4283:G
4283->4284:G
4284->4285:G
4285->4286:G
4286->4287:G
4287->4288:G
4288->4289:C
4289->4290:A
4290->4291:G
4291->4292:A
4292->4293:C
4293->4294:T
4294->4295:A
4295->4296:A
4296->4297:A
4297->4298:C
4298->4299:C
4299->4300:G
4300->4301:A
4301->4302:G
4302->4303:C
4303->4304:A
4304->4305:C
4305->4306:C
4306->4307:A
4307->4308:G
4308->4309:T
4309->4310:A
4310->4311:A
4311->4312:A
4312->4313:A
4313->4314:G
4314->4315:T
4315->4316:C
4316->4317:G
4317->4318:C
4318->4319:C
4319->4320:C
4320->4321:T
4321->4322:C
4322->4323:T
4323->4324:G
4324->4325:G
4325->4326:G
4326->4327:C
4327->4328:A
4328->4329:C
4329->4330:A
4330->4331:A
4331->4332:T
4332->4333:C
4333->4334:G
4334->4335:A
4335->4336:C
4336->4337:G
4337->4338:C
4338->4339:A
4339->4340:T
2106->2107:A
2107->2108:C
2108->2109:A
2109->2110:T
2110->2111:C
2111->2112:A
2112->2113:T
2113->2114:G
2114->2115:A
2115->2116:G
2116->2117:C
2117->2118:A
2118->2119:C
2119->2120:G
2120->2121:A
2121->2122:A
2122->2123:A
2123->2124:T
2124->2125:T
2125->2126:G
2126->2127:G
2127->2128:A
2128->2129:T
2129->2130:T
2130->2131:T
2131->2132:A
2132->2133:C
2133->2134:A
2134->2135:C
2135->2136:G
2136->2137:C
2137->2138:G
2138->2139:A
2139->2140:A
2140->2141:T
2141->2142:G
2142->2143:T
2143->2144:G
2144->2145:T
2145->2146:G
2146->2147:A
2147->2148:C
2148->2149:G
2149->2150:C
2150->2151:G
2151->2152:G
2152->2153:A
2153->2154:A
2154->2155:T
2155->2156:A
2156->2157:C
2157->2158:G
2158->2159:G
2159->2160:T
2160->2161:A
2161->2162:A
2162->2163:A
2163->2164:A
2164->2165:T
2165->2166:A
2166->2167:A
2167->2168:T
2168->2169:A
2169->2170:A
2170->2171:C
2171->2172:C
2172->2173:T
2173->2174:G
2174->2175:C
2175->2176:A
2176->2177:A
2177->2178:T
2178->2179:C
2179->2180:A
2180->2181:A
2181->2182:C
2182->2183:T
2183->2184:A
2184->2185:G
2185->2186:A
2186->2187:T
2187->2188:C
2188->2189:T
2189->2190:T
2190->2191:T
2191->2192:A
2192->2193:T
2193->2194:T
2194->2195:G
2195->2196:C
2196->2197:T
2197->2198:T
2198->2199:T
2199->2200:G
2200->2201:T
2201->2202:A
1->2023:C
2023->3566:C
3566->5629:G
5629->6403:G
6403->6404:T
6404->6405:C
6405->6406:G
6406->6407:C
6407->6408:T
6408->6409:C
6409->6410:T
6410->6411:G
6411->6412:A
6412->6413:T
6413->6414:G
6414->6415:A
6415->6416:T
6416->6417:A
6417->6418:G
6418->6419:G
6419->6420:C
6420->6421:C
6421->6422:T
6422->6423:T
6423->6424:T
6424->6425:A
6425->6426:A
6426->6427:C
6427->6428:A
6428->6429:G
6429->6430:G
6430->6431:G
6431->6432:G
6432->6433:A
6433->6434:A
6434->6435:A
6435->6436:G
6436->6437:G
6437->6438:A
6438->6439:C
6439->6440:G
6440->6441:C
6441->6442:C
6442->6443:C
6443->6444:G
6444->6445:A
6445->6446:C
6446->6447:T
6447->6448:T
6448->6449:A
6449->6450:G
6450->6451:G
6451->6452:A
6452->6453:T
6453->6454:G
6454->6455:A
6455->6456:T
6456->6457:T
6457->6458:A
6458->6459:G
6459->6460:T
6460->6461:C
6461->6462:C
6462->6463:C
6463->6464:G
6464->6465:G
6465->6466:C
6466->6467:T
6467->6468:C
6468->6469:C
6469->6470:A
6470->6471:A
6471->6472:A
6472->6473:T
6473->6474:C
6474->6475:C
6475->6476:C
6476->6477:G
6477->6478:A
6478->6479:C
6479->6480:G
6480->6481:C
6481->6482:A
6482->6483:G
5629->5630:C
5630->5631:T
5631->5632:C
5632->5633:A
5633->5634:C
5634->5635:C
5635->5636:A
5636->5637:G
5637->5638:G
5638->5639:C
5639->5640:G
5640->5641:C
5641->5642:T
5642->5643:C
5643->5644:A
5644->5645:G
5645->5646:A
5646->5647:A
5647->5648:T
5648->5649:G
5649->5650:C
5650->5651:G
5651->5652:G
5652->5653:C
5653->5654:G
5654->5655:C
5655->5656:A
5656->5657:T
5657->5658:G
5658->5659:A
5659->5660:C
5660->5661:C
5661->5662:C
5662->5663:G
5663->5664:A
5664->5665:G
5665->5666:C
5666->5667:A
5667->5668:C
5668->5669:C
5669->5670:T
5670->5671:C
5671->5672:A
5672->5673:C
5673->5674:A
5674->5675:A
5675->5676:C
5676->5677:A
5677->5678:T
5678->5679:G
5679->5680:T
5680->5681:G
5681->5682:G
5682->5683:T
5683->5684:A
5684->5685:G
5685->5686:A
5686->5687:G
5687->5688:G
5688->5689:G
5689->5690:T
5690->5691:T
5691->5692:T
5692->5693:C
5693->5694:T
5694->5695:A
5695->5696:C
5696->5697:T
5697->5698:C
5698->5699:T
5699->5700:G
5700->5701:T
5701->5702:T
5702->5703:C
5703->5704:A
5704->5705:C
5705->5706:C
5706->5707:T
5707->5708:G
5708->5709:A
5709->5710:T
5710->5711:A
5711->5712:C
5712->5713:T
5713->5714:G
3566->3567:A
3567->3568:A
3568->3569:A
3569->3570:A
3570->3571:A
3571->3572:C
3572->3573:T
3573->3574:A
3574->3575:G
3575->3576:A
3576->3577:T
3577->3578:A
3578->3579:A
3579->3580:T
3580->3581:T
3581->3582:C
3582->3583:G
3583->3584:C
3584->3585:C
3585->3586:T
3586->3587:T
3587->3588:T
3588->3589:T
3589->3590:A
3590->3591:T
3591->3592:C
3592->3593:C
3593->3594:C
3594->3595:T
3595->3596:C
3596->3597:G
3597->3598:A
3598->3599:G
3599->3600:A
3600->3601:C
3601->3602:G
3602->3603:C
3603->3604:C
3604->3605:G
3605->3606:C
3606->3607:G
3607->3608:C
3608->3609:A
3609->3610:A
3610->3611:C
3611->3612:G
3612->3613:G
3613->3614:T
3614->3615:C
3615->3616:A
3616->3617:T
3617->3618:C
3618->3619:G
3619->3620:C
3620->3621:T
3621->3622:G
3622->3623:G
3623->3624:C
3624->3625:T
3625->3626:C
3626->3627:G
3627->3628:G
3628->3629:A
3629->3630:C
3630->3631:A
3631->3632:G
3632->3633:C
3633->3634:G
3634->3635:T
3635->3636:G
3636->3637:G
3637->3638:T
3638->3639:A
3639->3640:C
3640->3641:A
3641->3642:A
3642->3643:G
3643->3644:A
3644->3645:G
3645->3646:A
3646->3647:G
3647->3648:G
3648->3649:G
3649->3650:A
3650->3651:T
3651->3652:T
2023->2024:T
2024->5537:A
5537->5538:A
5538->5539:G
5539->5540:T
5540->5541:A
5541->5542:T
5542->5543:A
5543->5544:C
5544->5545:C
5545->5546:C
5546->5547:G
5547->5548:T
5548->5549:C
5549->5550:T
5550->5551:A
5551->5552:T
5552->5553:A
5553->5554:T
5554->5555:G
5555->5556:G
5556->5557:C
5557->5558:T
5558->5559:T
5559->5560:T
5560->5561:T
5561->5562:T
5562->5563:C
5563->5564:T
5564->5565:C
5565->5566:A
5566->5567:C
5567->5568:C
5568->5569:T
5569->5570:T
5570->5571:T
5571->5572:G
5572->5573:A
5573->5574:A
5574->5575:T
5575->5576:A
5576->5577:A
5577->5578:T
5578->5579:C
5579->5580:G
5580->5581:C
5581->5582:C
5582->5583:C
5583->5584:A
5584->5585:G
5585->5586:G
5586->5587:T
5587->5588:G
5588->5589:G
5589->5590:G
5590->5591:T
5591->5592:G
5592->5593:A
5593->5594:T
5594->5595:C
5595->5596:T
5596->5597:C
5597->5598:A
5598->5599:C
5599->5600:A
5600->5601:G
5601->5602:A
5602->5603:A
5603->5604:A
5604->5605:C
5605->5606:A
5606->5607:A
5607->5608:T
5608->5609:G
5609->5610:A
5610->5611:G
5611->5612:G
5612->5613:T
5613->5614:T
5614->5615:C
5615->5616:C
5616->5617:C
5617->5618:G
5618->5619:A
5619->5620:G
5620->5621:C
5621->5622:T
5622->5623:A
5623->5624:A
5624->5625:T
5625->5626:C
5626->5627:T
5627->5628:A
2024->2025:G
2025->2026:A
2026->5808:C
5808->5809:A
5809->5810:A
5810->5811:C
5811->5812:T
5812->5813:T
5813->5814:C
5814->5815:G
5815->5816:A
5816->5817:G
5817->5818:C
5818->5819:A
5819->5820:A
5820->5821:C
5821->5822:A
5822->5823:T
5823->5824:C
5824->5825:G
5825->5826:G
5826->5827:C
5827->5828:T
5828->5829:T
5829->5830:C
5830->5831:G
5831->5832:C
5832->5833:T
5833->5834:T
5834->5835:C
5835->5836:A
5836->5837:T
5837->5838:G
5838->5839:G
5839->5840:G
5840->5841:A
5841->5842:G
5842->5843:A
5843->5844:A
5844->5845:G
5845->5846:T
5846->5847:A
5847->5848:G
5848->5849:T
5849->5850:A
5850->5851:A
5851->5852:A
5852->5853:G
5853->5854:A
5854->5855:G
5855->5856:C
5856->5857:C
5857->5858:C
5858->5859:C
5859->5860:A
5860->5861:C
5861->5862:C
5862->5863:C
5863->5864:A
5864->5865:G
5865->5866:G
5866->5867:G
5867->5868:A
5868->5869:A
5869->5870:G
5870->5871:G
5871->5872:A
5872->5873:T
5873->5874:G
5874->5875:T
5875->5876:C
5876->5877:A
5877->5878:T
5878->5879:G
5879->5880:A
5880->5881:C
5881->5882:A
5882->5883:G
5883->5884:G
5884->5885:C
5885->5886:G
2026->2027:T
2027->2028:C
2028->2029:A
2029->2030:G
2030->2031:T
2031->2032:G
2032->2033:A
2033->2034:G
2034->2035:A
2035->2036:T
2036->2037:T
2037->2038:C
2038->2039:C
2039->2040:A
2040->2041:C
2041->2042:G
2042->2043:G
2043->2044:G
2044->2045:T
2045->2046:T
2046->2047:G
2047->2048:T
2048->2049:C
2049->2050:G
2050->2051:T
2051->2052:G
2052->2053:G
2053->2054:A
2054->2055:T
2055->2056:T
2056->2057:G
2057->2058:T
2058->2059:T
2059->2060:A
2060->2061:C
2061->2062:T
2062->2063:T
2063->2064:A
2064->2065:G
2065->2066:G
2066->2067:C
2067->2068:A
2068->2069:G
2069->2070:A
2070->2071:A
2071->2072:C
2072->2073:A
2073->2074:C
2074->2075:A
2075->2076:A
2076->2077:C
2077->2078:T
2078->2079:A
2079->2080:C
2080->2081:A
2081->2082:A
2082->2083:G
2083->2084:G
2084->2085:T
2085->2086:T
2086->2087:A
2087->2088:A
2088->2089:C
2089->2090:C
2090->2091:A
2091->2092:C
2092->2093:T
2093->2094:G
2094->2095:A
2095->2096:T
2096->2097:T
2097->2098:G
2098->2099:G
2099->2100:A
2100->2101:A
2101->2102:C
2102->2103:A
2103->2104:G
1->365:A
365->2461:A
2461->5715:A
5715->5716:A
5716->5717:T
5717->5718:G
5718->5719:G
5719->5720:T
5720->5721:T
5721->5722:C
5722->5723:A
5723->5724:G
5724->5725:A
5725->5726:C
5726->5727:C
5727->5728:T
5728->5729:G
5729->5730:T
5730->5731:A
5731->5732:G
5732->5733:T
5733->5734:T
5734->5735:G
5735->5736:C
5736->5737:T
5737->5738:A
5738->5739:T
5739->5740:G
5740->5741:C
5741->5742:G
5742->5743:G
5743->5744:T
5744->5745:T
5745->5746:T
5746->5747:A
5747->5748:G
5748->5749:G
5749->5750:C
5750->5751:A
5751->5752:T
5752->5753:C
5753->5754:A
5754->5755:C
5755->5756:C
5756->5757:G
5757->5758:G
5758->5759:C
5759->5760:T
5760->5761:C
5761->5762:G
5762->5763:C
5763->5764:A
5764->5765:A
5765->5766:G
5766->5767:T
5767->5768:C
5768->5769:T
5769->5770:G
5770->5771:C
5771->5772:C
5772->5773:A
5773->5774:T
5774->5775:T
5775->5776:C
5776->5777:C
5777->5778:C
5778->5779:T
5779->5780:A
5780->5781:T
5781->5782:T
5782->5783:G
5783->5784:G
5784->5785:T
5785->5786:G
5786->5787:A
5787->5788:C
5788->5789:A
5789->5790:C
5790->5791:T
5791->5792:A
5792->5793:A
5793->5794:T
5794->5795:C
5795->5796:T
5796->5797:A
5797->5798:T
5798->5799:A
5799->5800:C
5800->5801:A
5801->5802:T
5802->5803:C
5803->5804:G
5804->5805:C
5805->5806:G
5806->5807:G
2461->2462:T
2462->2463:T
2463->2464:T
2464->2465:G
2465->2466:G
2466->2467:T
2467->2468:G
2468->2469:C
2469->2470:A
2470->2471:G
2471->2472:G
2472->2473:G
2473->2474:C
2474->2475:T
2475->2476:G
2476->2477:T
2477->2478:A
2478->2479:T
2479->2480:C
2480->2481:G
2481->2482:T
2482->2483:G
2483->2484:G
2484->2485:G
2485->2486:G
2486->2487:A
2487->2488:T
2488->2489:A
2489->2490:T
2490->2491:C
2491->2492:G
2492->2493:C
2493->2494:T
2494->2495:A
2495->2496:G
2496->2497:G
2497->2498:T
2498->2499:G
2499->2500:G
2500->2501:C
2501->2502:A
2502->2503:C
2503->2504:C
2504->2505:A
2505->2506:A
2506->2507:C
2507->2508:C
2508->2509:G
2509->2510:T
2510->2511:C
2511->2512:G
2512->2513:T
2513->2514:G
2514->2515:T
2515->2516:G
2516->2517:T
2517->2518:A
2518->2519:T
2519->2520:T
2520->2521:G
2521->2522:A
2522->2523:G
2523->2524:G
2524->2525:A
2525->2526:A
2526->2527:C
2527->2528:G
2528->2529:C
2529->2530:T
2530->2531:G
2531->2532:A
2532->2533:T
2533->2534:T
2534->2535:T
2535->2536:T
2536->2537:A
2537->2538:G
2538->2539:G
2539->2540:C
2540->2541:A
2541->2542:G
2542->2543:T
2543->2544:C
2544->2545:A
2545->2546:G
2546->2547:A
365->366:G
366->367:T
367->368:A
368->369:T
369->370:C
370->371:T
371->372:A
372->373:C
373->374:A
374->375:A
375->376:G
376->377:C
377->378:G
378->379:A
379->380:G
380->381:C
381->382:G
382->383:C
383->384:G
384->385:A
385->386:T
386->387:C
387->388:C
388->389:T
389->390:G
390->391:T
391->392:A
392->393:C
393->394:A
394->395:G
395->396:A
396->397:A
397->398:A
398->399:G
399->400:T
400->401:G
401->402:A
402->403:T
403->404:G
404->405:T
405->406:C
406->407:A
407->408:C
408->409:G
409->410:T
410->411:T
411->412:G
412->413:T
413->414:A
414->415:G
415->416:G
416->417:A
417->418:T
418->419:A
419->420:A
420->421:C
421->422:G
422->423:C
423->424:A
424->425:G
425->426:G
426->427:G
427->428:A
428->429:C
429->430:A
430->431:G
431->432:T
432->433:C
433->434:T
434->435:C
435->436:A
436->437:G
437->438:A
438->439:C
439->440:A
440->441:T
441->442:C
442->443:A
443->444:T
444->445:T
445->446:T
446->447:G
447->448:T
448->449:G
449->450:T
1->2:G
2->630:A
630->1946:T
1946->4940:A
4940->4941:T
4941->4942:A
4942->4943:T
4943->4944:G
4944->4945:T
4945->4946:G
4946->4947:T
4947->4948:G
4948->4949:T
4949->4950:A
4950->4951:A
4951->4952:T
4952->4953:T
4953->4954:C
4954->4955:G
4955->4956:A
4956->4957:C
4957->4958:T
4958->4959:A
4959->4960:C
4960->4961:C
4961->4962:T
4962->4963:T
4963->4964:G
4964->4965:A
4965->4966:T
4966->4967:C
4967->4968:G
4968->4969:A
4969->4970:A
4970->4971:C
4971->4972:C
4972->4973:T
4973->4974:C
4974->4975:T
4975->4976:G
4976->4977:C
4977->4978:C
4978->4979:A
4979->4980:C
4980->4981:G
4981->4982:G
4982->4983:T
4983->4984:G
4984->4985:C
4985->4986:A
4986->4987:T
4987->4988:C
4988->4989:T
4989->4990:C
4990->4991:G
4991->4992:G
4992->4993:A
4993->4994:G
4994->4995:T
4995->4996:C
4996->4997:C
4997->4998:T
4998->4999:G
4999->5000:G
5000->5001:G
5001->5002:T
5002->5003:C
5003->5004:T
5004->5005:C
5005->5006:C
5006->5007:T
5007->5008:G
5008->5009:T
5009->5010:C
5010->5011:T
5011->5012:G
5012->5013:T
5013->5014:A
5014->5015:C
5015->5016:A
5016->5017:C
5017->5018:G
5018->5019:C
5019->5020:G
5020->5021:T
5021->5022:G
5022->5023:T
5023->5024:G
5024->5025:G
5025->5026:C
5026->5027:G
5027->5028:C
1946->1947:G
1947->1948:T
1948->1949:T
1949->1950:A
1950->1951:G
1951->1952:G
1952->1953:A
1953->1954:A
1954->1955:C
1955->1956:A
1956->1957:G
1957->1958:A
1958->1959:C
1959->1960:C
1960->1961:T
1961->1962:C
1962->1963:T
1963->1964:C
1964->1965:T
1965->1966:C
1966->1967:C
1967->1968:C
1968->1969:T
1969->1970:G
1970->1971:G
1971->1972:T
1972->1973:A
1973->1974:T
1974->1975:T
1975->1976:G
1976->1977:T
1977->1978:G
1978->1979:T
1979->1980:A
1980->1981:C
1981->1982:G
1982->1983:G
1983->1984:C
1984->1985:G
1985->1986:A
1986->1987:G
1987->1988:A
1988->1989:G
1989->1990:A
1990->1991:A
1991->1992:G
1992->1993:G
1993->1994:T
1994->1995:G
1995->1996:C
1996->1997:T
1997->1998:A
1998->1999:C
1999->2000:T
2000->2001:A
2001->2002:T
2002->2003:G
2003->2004:G
2004->2005:G
2005->2006:G
2006->2007:T
2007->2008:C
2008->2009:C
2009->2010:A
2010->2011:G
2011->2012:A
2012->2013:T
2013->2014:A
2014->2015:G
2015->2016:T
2016->2017:G
2017->2018:C
2018->2019:G
2019->2020:G
2020->2021:G
2021->2022:G
630->631:A
631->4421:A
4421->4422:G
4422->4423:A
4423->4424:A
4424->4425:G
4425->4426:C
4426->4427:A
4427->4428:T
4428->4429:A
4429->4430:T
4430->4431:T
4431->4432:C
4432->4433:T
4433->4434:A
4434->4435:C
4435->4436:T
4436->4437:A
4437->4438:G
4438->4439:C
4439->4440:G
4440->4441:G
4441->4442:G
4442->4443:T
4443->4444:A
4444->4445:T
4445->4446:C
4446->4447:C
4447->4448:G
4448->4449:T
4449->4450:G
4450->4451:A
4451->4452:T
4452->4453:A
4453->4454:C
4454->4455:C
4455->4456:G
4456->4457:G
4457->4458:A
4458->4459:C
4459->4460:T
4460->4461:C
4461->4462:C
4462->4463:C
4463->4464:T
4464->4465:T
4465->4466:A
4466->4467:G
4467->4468:A
4468->4469:G
4469->4470:C
4470->4471:G
4471->4472:G
4472->4473:A
4473->4474:A
4474->4475:G
4475->4476:G
4476->4477:G
4477->4478:C
4478->4479:C
4479->4480:A
4480->4481:A
4481->4482:G
4482->4483:T
4483->4484:C
4484->4485:G
4485->4486:T
4486->4487:T
4487->4488:A
4488->4489:C
4489->4490:G
4490->4491:T
4491->4492:G
4492->4493:A
4493->4494:G
4494->4495:G
4495->4496:T
4496->4497:T
4497->4498:C
4498->4499:G
4499->4500:G
4500->4501:C
631->632:G
632->5974:C
5974->5975:A
5975->5976:A
5976->5977:C
5977->5978:C
5978->5979:C
5979->5980:C
5980->5981:T
5981->5982:T
5982->5983:C
5983->5984:T
5984->5985:T
5985->5986:C
5986->5987:G
5987->5988:G
5988->5989:G
5989->5990:G
5990->5991:T
5991->5992:T
5992->5993:G
5993->5994:T
5994->5995:T
5995->5996:T
5996->5997:G
5997->5998:G
5998->5999:A
5999->6000:T
6000->6001:T
6001->6002:G
6002->6003:A
6003->6004:C
6004->6005:C
6005->6006:T
6006->6007:A
6007->6008:A
6008->6009:T
6009->6010:T
6010->6011:C
6011->6012:C
6012->6013:C
6013->6014:C
6014->6015:C
6015->6016:T
6016->6017:T
6017->6018:T
6018->6019:C
6019->6020:A
6020->6021:A
6021->6022:C
6022->6023:T
6023->6024:C
6024->6025:C
6025->6026:A
6026->6027:G
6027->6028:A
6028->6029:T
6029->6030:G
6030->6031:G
6031->6032:A
6032->6033:T
6033->6034:T
6034->6035:A
6035->6036:C
6036->6037:A
6037->6038:A
6038->6039:T
6039->6040:T
6040->6041:G
6041->6042:A
6042->6043:G
6043->6044:G
6044->6045:A
6045->6046:C
6046->6047:G
6047->6048:G
6048->6049:G
6049->6050:G
6050->6051:A
6051->6052:A
6052->6053:A
6053->6054:A
6054->6055:A
632->633:T
633->634:C
634->635:A
635->636:A
636->637:C
637->638:T
638->639:A
639->640:C
640->641:T
641->642:T
642->643:G
643->644:A
644->645:T
645->646:G
646->647:A
647->648:C
648->649:T
649->650:A
650->651:T
651->652:T
652->653:T
653->654:T
654->655:G
655->656:C
656->657:T
657->658:G
658->659:G
659->660:A
660->661:A
661->662:C
662->663:G
663->664:C
664->665:T
665->666:G
666->667:T
667->668:A
668->669:G
669->670:C
670->671:G
671->672:A
672->673:G
673->674:C
674->675:C
675->676:A
676->677:G
677->678:T
678->679:C
679->680:G
680->681:G
681->682:T
682->683:G
683->684:C
684->685:C
685->686:A
686->687:A
687->688:T
688->689:T
689->690:T
690->691:C
691->692:A
692->693:G
693->694:G
694->695:T
695->696:G
696->697:T
697->698:T
698->699:C
699->700:C
700->701:T
701->702:G
702->703:C
703->704:T
704->705:A
705->706:G
706->707:T
707->708:G
708->709:A
709->710:C
710->711:C
711->712:C
712->713:A
713->714:G
714->715:G
715->716:C
716->717:T
717->718:T
718->719:A
719->720:C
720->721:C
721->722:A
722->723:G
723->724:T
724->725:T
725->726:A
2->3:G
3->1861:C
1861->1862:C
1862->1863:A
1863->1864:A
1864->1865:T
1865->1866:A
1866->1867:C
1867->1868:A
1868->1869:A
1869->1870:T
1870->1871:T
1871->1872:C
1872->1873:T
1873->1874:C
1874->1875:G
1875->1876:T
1876->1877:A
1877->1878:T
1878->1879:C
1879->1880:T
1880->1881:C
1881->1882:A
1882->1883:C
1883->1884:T
1884->1885:A
1885->1886:G
1886->1887:G
1887->1888:G
1888->1889:A
1889->1890:A
1890->1891:G
1891->1892:G
1892->1893:T
1893->1894:A
1894->1895:G
1895->1896:A
1896->1897:A
1897->1898:G
1898->1899:A
1899->1900:C
1900->1901:G
1901->1902:T
1902->1903:T
1903->1904:T
1904->1905:A
1905->1906:G
1906->1907:A
1907->1908:A
1908->1909:T
1909->1910:G
1910->1911:G
1911->1912:C
1912->1913:T
1913->1914:A
1914->1915:A
1915->1916:G
1916->1917:T
1917->1918:G
1918->1919:A
1919->1920:A
1920->1921:A
1921->1922:G
1922->1923:T
1923->1924:A
1924->1925:A
1925->1926:C
1926->1927:T
1927->1928:G
1928->1929:C
1929->1930:G
1930->1931:C
1931->1932:G
1932->1933:C
1933->1934:T
1934->1935:T
1935->1936:G
1936->1937:G
1937->1938:T
1938->1939:A
1939->1940:A
1940->1941:C
1941->1942:G
1942->1943:C
1943->1944:G
1944->1945:A
3->4:T
4->5:C
5->6:A
6->7:G
7->8:G
8->9:G
9->10:T
10->11:A
11->12:A
12->13:T
13->14:C
14->15:G
15->16:T
16->17:A
17->18:T
18->19:G
19->20:A
20->21:A
21->22:C
22->23:G
23->24:T
24->25:T
25->26:C
26->27:C
27->28:T
28->29:A
29->30:G
30->31:A
31->32:T
32->33:A
33->34:G
34->35:T
35->36:C
36->37:A
37->38:C
38->39:G
39->40:G
40->41:A
41->42:T
42->43:G
43->44:G
44->45:C
45->46:T
46->47:A
47->48:C
48->49:A
49->50:A
50->51:C
51->52:G
52->53:A
53->54:G
54->55:A
55->56:C
56->57:T
57->58:G
58->59:C
59->60:A
60->61:C
61->62:A
62->63:T
63->64:C
64->65:T
65->66:A
66->67:C
67->68:A
68->69:G
69->70:G
70->71:G
71->72:A
72->73:G
73->74:G
74->75:A
75->76:T
76->77:T
77->78:G
78->79:G
79->80:C
80->81:G
81->82:A
82->83:A
83->84:G
84->85:A
85->86:A
86->87:C
87->88:C
88->89:C
89->90:A
90->91:C
91->92:T
92->93:G
93->94:G
94->95:G
95->96:T
96->97:T
97->98:C
98->99:C
